Performing C SOURCE FILE Test CMAKE_HAVE_LIBC_PTHREAD failed with the following output:
Change Dir: C:/Users/boypa/Documents/GitHub/WristLingo/app/.cxx/Debug/l6j81k1v/arm64-v8a/CMakeFiles/CMakeTmp

Run Build Command(s):C:\Users\boypa\AppData\Local\Android\Sdk\cmake\3.22.1\bin\ninja.exe cmTC_0c792 && [1/2] Building C object CMakeFiles/cmTC_0c792.dir/src.c.o
FAILED: CMakeFiles/cmTC_0c792.dir/src.c.o 
C:\Users\boypa\AppData\Local\Android\Sdk\ndk\29.0.14033849\toolchains\llvm\prebuilt\windows-x86_64\bin\clang.exe --target=aarch64-none-linux-android26 --sysroot=C:/Users/boypa/AppData/Local/Android/Sdk/ndk/29.0.14033849/toolchains/llvm/prebuilt/windows-x86_64/sysroot -DCMAKE_HAVE_LIBC_PTHREAD  -g -DANDROID -fdata-sections -ffunction-sections -funwind-tables -fstack-protector-strong -no-canonical-prefixes -D_FORTIFY_SOURCE=2 -Wformat -Werror=format-security   -fPIE -std=gnu11 -MD -MT CMakeFiles/cmTC_0c792.dir/src.c.o -MF CMakeFiles\cmTC_0c792.dir\src.c.o.d -o CMakeFiles/cmTC_0c792.dir/src.c.o -c C:/Users/boypa/Documents/GitHub/WristLingo/app/.cxx/Debug/l6j81k1v/arm64-v8a/CMakeFiles/CMakeTmp/src.c
C:/Users/boypa/Documents/GitHub/WristLingo/app/.cxx/Debug/l6j81k1v/arm64-v8a/CMakeFiles/CMakeTmp/src.c:13:3: error: call to undeclared function 'pthread_cancel'; ISO C99 and later do not support implicit function declarations [-Wimplicit-function-declaration]
   13 |   pthread_cancel(thread);
      |   ^
C:/Users/boypa/Documents/GitHub/WristLingo/app/.cxx/Debug/l6j81k1v/arm64-v8a/CMakeFiles/CMakeTmp/src.c:13:3: note: did you mean 'pthread_once'?
C:/Users/boypa/AppData/Local/Android/Sdk/ndk/29.0.14033849/toolchains/llvm/prebuilt/windows-x86_64/sysroot/usr/include/pthread.h:250:5: note: 'pthread_once' declared here
  250 | int pthread_once(pthread_once_t* _Nonnull __once, void (* _Nonnull __init_routine)(void));
      |     ^
1 error generated.
ninja: build stopped: subcommand failed.


Source file was:
#include <pthread.h>

static void* test_func(void* data)
{
  return data;
}

int main(void)
{
  pthread_t thread;
  pthread_create(&thread, NULL, test_func, NULL);
  pthread_detach(thread);
  pthread_cancel(thread);
  pthread_join(thread, NULL);
  pthread_atfork(NULL, NULL, NULL);
  pthread_exit(NULL);

  return 0;
}

Performing C++ SOURCE FILE Test GGML_COMPILER_SUPPORTS_FP16_FORMAT_I3E failed with the following output:
Change Dir: C:/Users/boypa/Documents/GitHub/WristLingo/app/.cxx/Debug/l6j81k1v/arm64-v8a/CMakeFiles/CMakeTmp

Run Build Command(s):C:\Users\boypa\AppData\Local\Android\Sdk\cmake\3.22.1\bin\ninja.exe cmTC_45ffd && [1/2] Building CXX object CMakeFiles/cmTC_45ffd.dir/src.cxx.o
FAILED: CMakeFiles/cmTC_45ffd.dir/src.cxx.o 
C:\Users\boypa\AppData\Local\Android\Sdk\ndk\29.0.14033849\toolchains\llvm\prebuilt\windows-x86_64\bin\clang++.exe --target=aarch64-none-linux-android26 --sysroot=C:/Users/boypa/AppData/Local/Android/Sdk/ndk/29.0.14033849/toolchains/llvm/prebuilt/windows-x86_64/sysroot -DGGML_COMPILER_SUPPORTS_FP16_FORMAT_I3E  -g -DANDROID -fdata-sections -ffunction-sections -funwind-tables -fstack-protector-strong -no-canonical-prefixes -D_FORTIFY_SOURCE=2 -Wformat -Werror=format-security    -fPIE   -mfp16-format=ieee -std=gnu++17 -MD -MT CMakeFiles/cmTC_45ffd.dir/src.cxx.o -MF CMakeFiles\cmTC_45ffd.dir\src.cxx.o.d -o CMakeFiles/cmTC_45ffd.dir/src.cxx.o -c C:/Users/boypa/Documents/GitHub/WristLingo/app/.cxx/Debug/l6j81k1v/arm64-v8a/CMakeFiles/CMakeTmp/src.cxx
clang++: error: unknown argument: '-mfp16-format=ieee'
ninja: build stopped: subcommand failed.


Source file was:
int main() { return 0; }
