The target system is: Android - 1 - aarch64
The host system is: Linux - 6.6.87.2-microsoft-standard-WSL2 - x86_64
Compiling the C compiler identification source file "CMakeCCompilerId.c" succeeded.
Compiler: /home/boypa/Android/Sdk/ndk/29.0.14033849/toolchains/llvm/prebuilt/linux-x86_64/bin/clang 
Build flags: -g;-DANDROID;-fdata-sections;-ffunction-sections;-funwind-tables;-fstack-protector-strong;-no-canonical-prefixes;-D_FORTIFY_SOURCE=2;-Wformat;-Werror=format-security;
Id flags: -c;--target=aarch64-none-linux-android26 

The output was:
0


Compilation of the C compiler identification source "CMakeCCompilerId.c" produced "CMakeCCompilerId.o"

The C compiler identification is Clang, found in "/home/boypa/projects/WristLingo/app/.cxx/Debug/y1f1f3d2/arm64-v8a/CMakeFiles/3.22.1-g37088a8/CompilerIdC/CMakeCCompilerId.o"

Compiling the CXX compiler identification source file "CMakeCXXCompilerId.cpp" succeeded.
Compiler: /home/boypa/Android/Sdk/ndk/29.0.14033849/toolchains/llvm/prebuilt/linux-x86_64/bin/clang++ 
Build flags: -g;-DANDROID;-fdata-sections;-ffunction-sections;-funwind-tables;-fstack-protector-strong;-no-canonical-prefixes;-D_FORTIFY_SOURCE=2;-Wformat;-Werror=format-security;;
Id flags: -c;--target=aarch64-none-linux-android26 

The output was:
0


Compilation of the CXX compiler identification source "CMakeCXXCompilerId.cpp" produced "CMakeCXXCompilerId.o"

The CXX compiler identification is Clang, found in "/home/boypa/projects/WristLingo/app/.cxx/Debug/y1f1f3d2/arm64-v8a/CMakeFiles/3.22.1-g37088a8/CompilerIdCXX/CMakeCXXCompilerId.o"

Detecting C compiler ABI info compiled with the following output:
Change Dir: /home/boypa/projects/WristLingo/app/.cxx/Debug/y1f1f3d2/arm64-v8a/CMakeFiles/CMakeTmp

Run Build Command(s):/home/boypa/Android/Sdk/cmake/3.22.1/bin/ninja cmTC_0f66f && [1/2] Building C object CMakeFiles/cmTC_0f66f.dir/CMakeCCompilerABI.c.o
Android (13989888, +pgo, +bolt, +lto, +mlgo, based on r563880c) clang version 21.0.0 (https://android.googlesource.com/toolchain/llvm-project 5e96669f06077099aa41290cdb4c5e6fa0f59349)
Target: aarch64-none-linux-android26
Thread model: posix
InstalledDir: /home/boypa/Android/Sdk/ndk/29.0.14033849/toolchains/llvm/prebuilt/linux-x86_64/bin
 (in-process)
 "/home/boypa/Android/Sdk/ndk/29.0.14033849/toolchains/llvm/prebuilt/linux-x86_64/bin/clang" -cc1 -triple aarch64-none-linux-android26 -emit-obj -disable-free -clear-ast-before-backend -disable-llvm-verifier -discard-value-names -main-file-name CMakeCCompilerABI.c -mrelocation-model pic -pic-level 2 -pic-is-pie -mframe-pointer=non-leaf -ffp-contract=on -fno-rounding-math -mconstructor-aliases -funwind-tables=2 -enable-tlsdesc -target-cpu generic -target-feature +v8a -target-feature +fp-armv8 -target-feature +neon -target-feature +fix-cortex-a53-835769 -target-abi aapcs -debug-info-kind=constructor -dwarf-version=4 -debugger-tuning=gdb -fdebug-compilation-dir=/home/boypa/projects/WristLingo/app/.cxx/Debug/y1f1f3d2/arm64-v8a/CMakeFiles/CMakeTmp -v -ffunction-sections -fdata-sections -fcoverage-compilation-dir=/home/boypa/projects/WristLingo/app/.cxx/Debug/y1f1f3d2/arm64-v8a/CMakeFiles/CMakeTmp -resource-dir /home/boypa/Android/Sdk/ndk/29.0.14033849/toolchains/llvm/prebuilt/linux-x86_64/lib/clang/21 -dependency-file CMakeFiles/cmTC_0f66f.dir/CMakeCCompilerABI.c.o.d -MT CMakeFiles/cmTC_0f66f.dir/CMakeCCompilerABI.c.o -sys-header-deps -D ANDROID -D _FORTIFY_SOURCE=2 -isysroot /home/boypa/Android/Sdk/ndk/29.0.14033849/toolchains/llvm/prebuilt/linux-x86_64/sysroot -internal-isystem /home/boypa/Android/Sdk/ndk/29.0.14033849/toolchains/llvm/prebuilt/linux-x86_64/lib/clang/21/include -internal-isystem /home/boypa/Android/Sdk/ndk/29.0.14033849/toolchains/llvm/prebuilt/linux-x86_64/sysroot/usr/local/include -internal-externc-isystem /home/boypa/Android/Sdk/ndk/29.0.14033849/toolchains/llvm/prebuilt/linux-x86_64/sysroot/usr/include/aarch64-linux-android -internal-externc-isystem /home/boypa/Android/Sdk/ndk/29.0.14033849/toolchains/llvm/prebuilt/linux-x86_64/sysroot/include -internal-externc-isystem /home/boypa/Android/Sdk/ndk/29.0.14033849/toolchains/llvm/prebuilt/linux-x86_64/sysroot/usr/include -Wformat -ferror-limit 19 -femulated-tls -stack-protector 2 -fno-signed-char -fgnuc-version=4.2.1 -fskip-odr-check-in-gmf -target-feature +outline-atomics -D__GCC_HAVE_DWARF2_CFI_ASM=1 -o CMakeFiles/cmTC_0f66f.dir/CMakeCCompilerABI.c.o -x c /home/boypa/Android/Sdk/cmake/3.22.1/share/cmake-3.22/Modules/CMakeCCompilerABI.c
clang -cc1 version 21.0.0 based upon LLVM 21.0.0 default target x86_64-unknown-linux-gnu
ignoring nonexistent directory "/home/boypa/Android/Sdk/ndk/29.0.14033849/toolchains/llvm/prebuilt/linux-x86_64/sysroot/usr/local/include"
ignoring nonexistent directory "/home/boypa/Android/Sdk/ndk/29.0.14033849/toolchains/llvm/prebuilt/linux-x86_64/sysroot/include"
#include "..." search starts here:
#include <...> search starts here:
 /home/boypa/Android/Sdk/ndk/29.0.14033849/toolchains/llvm/prebuilt/linux-x86_64/lib/clang/21/include
 /home/boypa/Android/Sdk/ndk/29.0.14033849/toolchains/llvm/prebuilt/linux-x86_64/sysroot/usr/include/aarch64-linux-android
 /home/boypa/Android/Sdk/ndk/29.0.14033849/toolchains/llvm/prebuilt/linux-x86_64/sysroot/usr/include
End of search list.
[2/2] Linking C executable cmTC_0f66f
Android (13989888, +pgo, +bolt, +lto, +mlgo, based on r563880c) clang version 21.0.0 (https://android.googlesource.com/toolchain/llvm-project 5e96669f06077099aa41290cdb4c5e6fa0f59349)
Target: aarch64-none-linux-android26
Thread model: posix
InstalledDir: /home/boypa/Android/Sdk/ndk/29.0.14033849/toolchains/llvm/prebuilt/linux-x86_64/bin
 "/home/boypa/Android/Sdk/ndk/29.0.14033849/toolchains/llvm/prebuilt/linux-x86_64/bin/ld.lld" --sysroot=/home/boypa/Android/Sdk/ndk/29.0.14033849/toolchains/llvm/prebuilt/linux-x86_64/sysroot -EL --fix-cortex-a53-843419 -z now -z relro -z max-page-size=16384 --no-rosegment --hash-style=gnu --eh-frame-hdr -m aarch64linux -pie -dynamic-linker /system/bin/linker64 -o cmTC_0f66f /home/boypa/Android/Sdk/ndk/29.0.14033849/toolchains/llvm/prebuilt/linux-x86_64/sysroot/usr/lib/aarch64-linux-android/26/crtbegin_dynamic.o -L/home/boypa/Android/Sdk/ndk/29.0.14033849/toolchains/llvm/prebuilt/linux-x86_64/lib/clang/21/lib/linux/aarch64 -L/home/boypa/Android/Sdk/ndk/29.0.14033849/toolchains/llvm/prebuilt/linux-x86_64/sysroot/usr/lib/aarch64-linux-android/26 -L/home/boypa/Android/Sdk/ndk/29.0.14033849/toolchains/llvm/prebuilt/linux-x86_64/sysroot/usr/lib/aarch64-linux-android -L/home/boypa/Android/Sdk/ndk/29.0.14033849/toolchains/llvm/prebuilt/linux-x86_64/sysroot/usr/lib --build-id=sha1 --no-rosegment --no-undefined-version --fatal-warnings --no-undefined CMakeFiles/cmTC_0f66f.dir/CMakeCCompilerABI.c.o /home/boypa/Android/Sdk/ndk/29.0.14033849/toolchains/llvm/prebuilt/linux-x86_64/lib/clang/21/lib/linux/libclang_rt.builtins-aarch64-android.a -l:libunwind.a -ldl -lc /home/boypa/Android/Sdk/ndk/29.0.14033849/toolchains/llvm/prebuilt/linux-x86_64/lib/clang/21/lib/linux/libclang_rt.builtins-aarch64-android.a -l:libunwind.a -ldl /home/boypa/Android/Sdk/ndk/29.0.14033849/toolchains/llvm/prebuilt/linux-x86_64/sysroot/usr/lib/aarch64-linux-android/26/crtend_android.o



Parsed C implicit include dir info from above output: rv=done
  found start of include info
  found start of implicit include info
    add: [/home/boypa/Android/Sdk/ndk/29.0.14033849/toolchains/llvm/prebuilt/linux-x86_64/lib/clang/21/include]
    add: [/home/boypa/Android/Sdk/ndk/29.0.14033849/toolchains/llvm/prebuilt/linux-x86_64/sysroot/usr/include/aarch64-linux-android]
    add: [/home/boypa/Android/Sdk/ndk/29.0.14033849/toolchains/llvm/prebuilt/linux-x86_64/sysroot/usr/include]
  end of search list found
  collapse include dir [/home/boypa/Android/Sdk/ndk/29.0.14033849/toolchains/llvm/prebuilt/linux-x86_64/lib/clang/21/include] ==> [/home/boypa/Android/Sdk/ndk/29.0.14033849/toolchains/llvm/prebuilt/linux-x86_64/lib/clang/21/include]
  collapse include dir [/home/boypa/Android/Sdk/ndk/29.0.14033849/toolchains/llvm/prebuilt/linux-x86_64/sysroot/usr/include/aarch64-linux-android] ==> [/home/boypa/Android/Sdk/ndk/29.0.14033849/toolchains/llvm/prebuilt/linux-x86_64/sysroot/usr/include/aarch64-linux-android]
  collapse include dir [/home/boypa/Android/Sdk/ndk/29.0.14033849/toolchains/llvm/prebuilt/linux-x86_64/sysroot/usr/include] ==> [/home/boypa/Android/Sdk/ndk/29.0.14033849/toolchains/llvm/prebuilt/linux-x86_64/sysroot/usr/include]
  implicit include dirs: [/home/boypa/Android/Sdk/ndk/29.0.14033849/toolchains/llvm/prebuilt/linux-x86_64/lib/clang/21/include;/home/boypa/Android/Sdk/ndk/29.0.14033849/toolchains/llvm/prebuilt/linux-x86_64/sysroot/usr/include/aarch64-linux-android;/home/boypa/Android/Sdk/ndk/29.0.14033849/toolchains/llvm/prebuilt/linux-x86_64/sysroot/usr/include]


Parsed C implicit link information from above output:
  link line regex: [^( *|.*[/\])(ld\.lld|CMAKE_LINK_STARTFILE-NOTFOUND|([^/\]+-)?ld|collect2)[^/\]*( |$)]
  ignore line: [Change Dir: /home/boypa/projects/WristLingo/app/.cxx/Debug/y1f1f3d2/arm64-v8a/CMakeFiles/CMakeTmp]
  ignore line: []
  ignore line: [Run Build Command(s):/home/boypa/Android/Sdk/cmake/3.22.1/bin/ninja cmTC_0f66f && [1/2] Building C object CMakeFiles/cmTC_0f66f.dir/CMakeCCompilerABI.c.o]
  ignore line: [Android (13989888  +pgo  +bolt  +lto  +mlgo  based on r563880c) clang version 21.0.0 (https://android.googlesource.com/toolchain/llvm-project 5e96669f06077099aa41290cdb4c5e6fa0f59349)]
  ignore line: [Target: aarch64-none-linux-android26]
  ignore line: [Thread model: posix]
  ignore line: [InstalledDir: /home/boypa/Android/Sdk/ndk/29.0.14033849/toolchains/llvm/prebuilt/linux-x86_64/bin]
  ignore line: [ (in-process)]
  ignore line: [ "/home/boypa/Android/Sdk/ndk/29.0.14033849/toolchains/llvm/prebuilt/linux-x86_64/bin/clang" -cc1 -triple aarch64-none-linux-android26 -emit-obj -disable-free -clear-ast-before-backend -disable-llvm-verifier -discard-value-names -main-file-name CMakeCCompilerABI.c -mrelocation-model pic -pic-level 2 -pic-is-pie -mframe-pointer=non-leaf -ffp-contract=on -fno-rounding-math -mconstructor-aliases -funwind-tables=2 -enable-tlsdesc -target-cpu generic -target-feature +v8a -target-feature +fp-armv8 -target-feature +neon -target-feature +fix-cortex-a53-835769 -target-abi aapcs -debug-info-kind=constructor -dwarf-version=4 -debugger-tuning=gdb -fdebug-compilation-dir=/home/boypa/projects/WristLingo/app/.cxx/Debug/y1f1f3d2/arm64-v8a/CMakeFiles/CMakeTmp -v -ffunction-sections -fdata-sections -fcoverage-compilation-dir=/home/boypa/projects/WristLingo/app/.cxx/Debug/y1f1f3d2/arm64-v8a/CMakeFiles/CMakeTmp -resource-dir /home/boypa/Android/Sdk/ndk/29.0.14033849/toolchains/llvm/prebuilt/linux-x86_64/lib/clang/21 -dependency-file CMakeFiles/cmTC_0f66f.dir/CMakeCCompilerABI.c.o.d -MT CMakeFiles/cmTC_0f66f.dir/CMakeCCompilerABI.c.o -sys-header-deps -D ANDROID -D _FORTIFY_SOURCE=2 -isysroot /home/boypa/Android/Sdk/ndk/29.0.14033849/toolchains/llvm/prebuilt/linux-x86_64/sysroot -internal-isystem /home/boypa/Android/Sdk/ndk/29.0.14033849/toolchains/llvm/prebuilt/linux-x86_64/lib/clang/21/include -internal-isystem /home/boypa/Android/Sdk/ndk/29.0.14033849/toolchains/llvm/prebuilt/linux-x86_64/sysroot/usr/local/include -internal-externc-isystem /home/boypa/Android/Sdk/ndk/29.0.14033849/toolchains/llvm/prebuilt/linux-x86_64/sysroot/usr/include/aarch64-linux-android -internal-externc-isystem /home/boypa/Android/Sdk/ndk/29.0.14033849/toolchains/llvm/prebuilt/linux-x86_64/sysroot/include -internal-externc-isystem /home/boypa/Android/Sdk/ndk/29.0.14033849/toolchains/llvm/prebuilt/linux-x86_64/sysroot/usr/include -Wformat -ferror-limit 19 -femulated-tls -stack-protector 2 -fno-signed-char -fgnuc-version=4.2.1 -fskip-odr-check-in-gmf -target-feature +outline-atomics -D__GCC_HAVE_DWARF2_CFI_ASM=1 -o CMakeFiles/cmTC_0f66f.dir/CMakeCCompilerABI.c.o -x c /home/boypa/Android/Sdk/cmake/3.22.1/share/cmake-3.22/Modules/CMakeCCompilerABI.c]
  ignore line: [clang -cc1 version 21.0.0 based upon LLVM 21.0.0 default target x86_64-unknown-linux-gnu]
  ignore line: [ignoring nonexistent directory "/home/boypa/Android/Sdk/ndk/29.0.14033849/toolchains/llvm/prebuilt/linux-x86_64/sysroot/usr/local/include"]
  ignore line: [ignoring nonexistent directory "/home/boypa/Android/Sdk/ndk/29.0.14033849/toolchains/llvm/prebuilt/linux-x86_64/sysroot/include"]
  ignore line: [#include "..." search starts here:]
  ignore line: [#include <...> search starts here:]
  ignore line: [ /home/boypa/Android/Sdk/ndk/29.0.14033849/toolchains/llvm/prebuilt/linux-x86_64/lib/clang/21/include]
  ignore line: [ /home/boypa/Android/Sdk/ndk/29.0.14033849/toolchains/llvm/prebuilt/linux-x86_64/sysroot/usr/include/aarch64-linux-android]
  ignore line: [ /home/boypa/Android/Sdk/ndk/29.0.14033849/toolchains/llvm/prebuilt/linux-x86_64/sysroot/usr/include]
  ignore line: [End of search list.]
  ignore line: [[2/2] Linking C executable cmTC_0f66f]
  ignore line: [Android (13989888  +pgo  +bolt  +lto  +mlgo  based on r563880c) clang version 21.0.0 (https://android.googlesource.com/toolchain/llvm-project 5e96669f06077099aa41290cdb4c5e6fa0f59349)]
  ignore line: [Target: aarch64-none-linux-android26]
  ignore line: [Thread model: posix]
  ignore line: [InstalledDir: /home/boypa/Android/Sdk/ndk/29.0.14033849/toolchains/llvm/prebuilt/linux-x86_64/bin]
  link line: [ "/home/boypa/Android/Sdk/ndk/29.0.14033849/toolchains/llvm/prebuilt/linux-x86_64/bin/ld.lld" --sysroot=/home/boypa/Android/Sdk/ndk/29.0.14033849/toolchains/llvm/prebuilt/linux-x86_64/sysroot -EL --fix-cortex-a53-843419 -z now -z relro -z max-page-size=16384 --no-rosegment --hash-style=gnu --eh-frame-hdr -m aarch64linux -pie -dynamic-linker /system/bin/linker64 -o cmTC_0f66f /home/boypa/Android/Sdk/ndk/29.0.14033849/toolchains/llvm/prebuilt/linux-x86_64/sysroot/usr/lib/aarch64-linux-android/26/crtbegin_dynamic.o -L/home/boypa/Android/Sdk/ndk/29.0.14033849/toolchains/llvm/prebuilt/linux-x86_64/lib/clang/21/lib/linux/aarch64 -L/home/boypa/Android/Sdk/ndk/29.0.14033849/toolchains/llvm/prebuilt/linux-x86_64/sysroot/usr/lib/aarch64-linux-android/26 -L/home/boypa/Android/Sdk/ndk/29.0.14033849/toolchains/llvm/prebuilt/linux-x86_64/sysroot/usr/lib/aarch64-linux-android -L/home/boypa/Android/Sdk/ndk/29.0.14033849/toolchains/llvm/prebuilt/linux-x86_64/sysroot/usr/lib --build-id=sha1 --no-rosegment --no-undefined-version --fatal-warnings --no-undefined CMakeFiles/cmTC_0f66f.dir/CMakeCCompilerABI.c.o /home/boypa/Android/Sdk/ndk/29.0.14033849/toolchains/llvm/prebuilt/linux-x86_64/lib/clang/21/lib/linux/libclang_rt.builtins-aarch64-android.a -l:libunwind.a -ldl -lc /home/boypa/Android/Sdk/ndk/29.0.14033849/toolchains/llvm/prebuilt/linux-x86_64/lib/clang/21/lib/linux/libclang_rt.builtins-aarch64-android.a -l:libunwind.a -ldl /home/boypa/Android/Sdk/ndk/29.0.14033849/toolchains/llvm/prebuilt/linux-x86_64/sysroot/usr/lib/aarch64-linux-android/26/crtend_android.o]
    arg [/home/boypa/Android/Sdk/ndk/29.0.14033849/toolchains/llvm/prebuilt/linux-x86_64/bin/ld.lld] ==> ignore
    arg [--sysroot=/home/boypa/Android/Sdk/ndk/29.0.14033849/toolchains/llvm/prebuilt/linux-x86_64/sysroot] ==> ignore
    arg [-EL] ==> ignore
    arg [--fix-cortex-a53-843419] ==> ignore
    arg [-znow] ==> ignore
    arg [-zrelro] ==> ignore
    arg [-zmax-page-size=16384] ==> ignore
    arg [--no-rosegment] ==> ignore
    arg [--hash-style=gnu] ==> ignore
    arg [--eh-frame-hdr] ==> ignore
    arg [-m] ==> ignore
    arg [aarch64linux] ==> ignore
    arg [-pie] ==> ignore
    arg [-dynamic-linker] ==> ignore
    arg [/system/bin/linker64] ==> ignore
    arg [-o] ==> ignore
    arg [cmTC_0f66f] ==> ignore
    arg [/home/boypa/Android/Sdk/ndk/29.0.14033849/toolchains/llvm/prebuilt/linux-x86_64/sysroot/usr/lib/aarch64-linux-android/26/crtbegin_dynamic.o] ==> obj [/home/boypa/Android/Sdk/ndk/29.0.14033849/toolchains/llvm/prebuilt/linux-x86_64/sysroot/usr/lib/aarch64-linux-android/26/crtbegin_dynamic.o]
    arg [-L/home/boypa/Android/Sdk/ndk/29.0.14033849/toolchains/llvm/prebuilt/linux-x86_64/lib/clang/21/lib/linux/aarch64] ==> dir [/home/boypa/Android/Sdk/ndk/29.0.14033849/toolchains/llvm/prebuilt/linux-x86_64/lib/clang/21/lib/linux/aarch64]
    arg [-L/home/boypa/Android/Sdk/ndk/29.0.14033849/toolchains/llvm/prebuilt/linux-x86_64/sysroot/usr/lib/aarch64-linux-android/26] ==> dir [/home/boypa/Android/Sdk/ndk/29.0.14033849/toolchains/llvm/prebuilt/linux-x86_64/sysroot/usr/lib/aarch64-linux-android/26]
    arg [-L/home/boypa/Android/Sdk/ndk/29.0.14033849/toolchains/llvm/prebuilt/linux-x86_64/sysroot/usr/lib/aarch64-linux-android] ==> dir [/home/boypa/Android/Sdk/ndk/29.0.14033849/toolchains/llvm/prebuilt/linux-x86_64/sysroot/usr/lib/aarch64-linux-android]
    arg [-L/home/boypa/Android/Sdk/ndk/29.0.14033849/toolchains/llvm/prebuilt/linux-x86_64/sysroot/usr/lib] ==> dir [/home/boypa/Android/Sdk/ndk/29.0.14033849/toolchains/llvm/prebuilt/linux-x86_64/sysroot/usr/lib]
    arg [--build-id=sha1] ==> ignore
    arg [--no-rosegment] ==> ignore
    arg [--no-undefined-version] ==> ignore
    arg [--fatal-warnings] ==> ignore
    arg [--no-undefined] ==> ignore
    arg [CMakeFiles/cmTC_0f66f.dir/CMakeCCompilerABI.c.o] ==> ignore
    arg [/home/boypa/Android/Sdk/ndk/29.0.14033849/toolchains/llvm/prebuilt/linux-x86_64/lib/clang/21/lib/linux/libclang_rt.builtins-aarch64-android.a] ==> lib [/home/boypa/Android/Sdk/ndk/29.0.14033849/toolchains/llvm/prebuilt/linux-x86_64/lib/clang/21/lib/linux/libclang_rt.builtins-aarch64-android.a]
    arg [-l:libunwind.a] ==> lib [-l:libunwind.a]
    arg [-ldl] ==> lib [dl]
    arg [-lc] ==> lib [c]
    arg [/home/boypa/Android/Sdk/ndk/29.0.14033849/toolchains/llvm/prebuilt/linux-x86_64/lib/clang/21/lib/linux/libclang_rt.builtins-aarch64-android.a] ==> lib [/home/boypa/Android/Sdk/ndk/29.0.14033849/toolchains/llvm/prebuilt/linux-x86_64/lib/clang/21/lib/linux/libclang_rt.builtins-aarch64-android.a]
    arg [-l:libunwind.a] ==> lib [-l:libunwind.a]
    arg [-ldl] ==> lib [dl]
    arg [/home/boypa/Android/Sdk/ndk/29.0.14033849/toolchains/llvm/prebuilt/linux-x86_64/sysroot/usr/lib/aarch64-linux-android/26/crtend_android.o] ==> obj [/home/boypa/Android/Sdk/ndk/29.0.14033849/toolchains/llvm/prebuilt/linux-x86_64/sysroot/usr/lib/aarch64-linux-android/26/crtend_android.o]
  remove lib [/home/boypa/Android/Sdk/ndk/29.0.14033849/toolchains/llvm/prebuilt/linux-x86_64/lib/clang/21/lib/linux/libclang_rt.builtins-aarch64-android.a]
  remove lib [/home/boypa/Android/Sdk/ndk/29.0.14033849/toolchains/llvm/prebuilt/linux-x86_64/lib/clang/21/lib/linux/libclang_rt.builtins-aarch64-android.a]
  collapse library dir [/home/boypa/Android/Sdk/ndk/29.0.14033849/toolchains/llvm/prebuilt/linux-x86_64/lib/clang/21/lib/linux/aarch64] ==> [/home/boypa/Android/Sdk/ndk/29.0.14033849/toolchains/llvm/prebuilt/linux-x86_64/lib/clang/21/lib/linux/aarch64]
  collapse library dir [/home/boypa/Android/Sdk/ndk/29.0.14033849/toolchains/llvm/prebuilt/linux-x86_64/sysroot/usr/lib/aarch64-linux-android/26] ==> [/home/boypa/Android/Sdk/ndk/29.0.14033849/toolchains/llvm/prebuilt/linux-x86_64/sysroot/usr/lib/aarch64-linux-android/26]
  collapse library dir [/home/boypa/Android/Sdk/ndk/29.0.14033849/toolchains/llvm/prebuilt/linux-x86_64/sysroot/usr/lib/aarch64-linux-android] ==> [/home/boypa/Android/Sdk/ndk/29.0.14033849/toolchains/llvm/prebuilt/linux-x86_64/sysroot/usr/lib/aarch64-linux-android]
  collapse library dir [/home/boypa/Android/Sdk/ndk/29.0.14033849/toolchains/llvm/prebuilt/linux-x86_64/sysroot/usr/lib] ==> [/home/boypa/Android/Sdk/ndk/29.0.14033849/toolchains/llvm/prebuilt/linux-x86_64/sysroot/usr/lib]
  implicit libs: [-l:libunwind.a;dl;c;-l:libunwind.a;dl]
  implicit objs: [/home/boypa/Android/Sdk/ndk/29.0.14033849/toolchains/llvm/prebuilt/linux-x86_64/sysroot/usr/lib/aarch64-linux-android/26/crtbegin_dynamic.o;/home/boypa/Android/Sdk/ndk/29.0.14033849/toolchains/llvm/prebuilt/linux-x86_64/sysroot/usr/lib/aarch64-linux-android/26/crtend_android.o]
  implicit dirs: [/home/boypa/Android/Sdk/ndk/29.0.14033849/toolchains/llvm/prebuilt/linux-x86_64/lib/clang/21/lib/linux/aarch64;/home/boypa/Android/Sdk/ndk/29.0.14033849/toolchains/llvm/prebuilt/linux-x86_64/sysroot/usr/lib/aarch64-linux-android/26;/home/boypa/Android/Sdk/ndk/29.0.14033849/toolchains/llvm/prebuilt/linux-x86_64/sysroot/usr/lib/aarch64-linux-android;/home/boypa/Android/Sdk/ndk/29.0.14033849/toolchains/llvm/prebuilt/linux-x86_64/sysroot/usr/lib]
  implicit fwks: []


Detecting CXX compiler ABI info compiled with the following output:
Change Dir: /home/boypa/projects/WristLingo/app/.cxx/Debug/y1f1f3d2/arm64-v8a/CMakeFiles/CMakeTmp

Run Build Command(s):/home/boypa/Android/Sdk/cmake/3.22.1/bin/ninja cmTC_4798f && [1/2] Building CXX object CMakeFiles/cmTC_4798f.dir/CMakeCXXCompilerABI.cpp.o
Android (13989888, +pgo, +bolt, +lto, +mlgo, based on r563880c) clang version 21.0.0 (https://android.googlesource.com/toolchain/llvm-project 5e96669f06077099aa41290cdb4c5e6fa0f59349)
Target: aarch64-none-linux-android26
Thread model: posix
InstalledDir: /home/boypa/Android/Sdk/ndk/29.0.14033849/toolchains/llvm/prebuilt/linux-x86_64/bin
 (in-process)
 "/home/boypa/Android/Sdk/ndk/29.0.14033849/toolchains/llvm/prebuilt/linux-x86_64/bin/clang++" -cc1 -triple aarch64-none-linux-android26 -emit-obj -disable-free -clear-ast-before-backend -disable-llvm-verifier -discard-value-names -main-file-name CMakeCXXCompilerABI.cpp -mrelocation-model pic -pic-level 2 -pic-is-pie -mframe-pointer=non-leaf -ffp-contract=on -fno-rounding-math -mconstructor-aliases -funwind-tables=2 -enable-tlsdesc -target-cpu generic -target-feature +v8a -target-feature +fp-armv8 -target-feature +neon -target-feature +fix-cortex-a53-835769 -target-abi aapcs -debug-info-kind=constructor -dwarf-version=4 -debugger-tuning=gdb -fdebug-compilation-dir=/home/boypa/projects/WristLingo/app/.cxx/Debug/y1f1f3d2/arm64-v8a/CMakeFiles/CMakeTmp -v -ffunction-sections -fdata-sections -fcoverage-compilation-dir=/home/boypa/projects/WristLingo/app/.cxx/Debug/y1f1f3d2/arm64-v8a/CMakeFiles/CMakeTmp -resource-dir /home/boypa/Android/Sdk/ndk/29.0.14033849/toolchains/llvm/prebuilt/linux-x86_64/lib/clang/21 -dependency-file CMakeFiles/cmTC_4798f.dir/CMakeCXXCompilerABI.cpp.o.d -MT CMakeFiles/cmTC_4798f.dir/CMakeCXXCompilerABI.cpp.o -sys-header-deps -D ANDROID -D _FORTIFY_SOURCE=2 -isysroot /home/boypa/Android/Sdk/ndk/29.0.14033849/toolchains/llvm/prebuilt/linux-x86_64/sysroot -internal-isystem /home/boypa/Android/Sdk/ndk/29.0.14033849/toolchains/llvm/prebuilt/linux-x86_64/sysroot/usr/include/c++/v1 -internal-isystem /home/boypa/Android/Sdk/ndk/29.0.14033849/toolchains/llvm/prebuilt/linux-x86_64/lib/clang/21/include -internal-isystem /home/boypa/Android/Sdk/ndk/29.0.14033849/toolchains/llvm/prebuilt/linux-x86_64/sysroot/usr/local/include -internal-externc-isystem /home/boypa/Android/Sdk/ndk/29.0.14033849/toolchains/llvm/prebuilt/linux-x86_64/sysroot/usr/include/aarch64-linux-android -internal-externc-isystem /home/boypa/Android/Sdk/ndk/29.0.14033849/toolchains/llvm/prebuilt/linux-x86_64/sysroot/include -internal-externc-isystem /home/boypa/Android/Sdk/ndk/29.0.14033849/toolchains/llvm/prebuilt/linux-x86_64/sysroot/usr/include -Wformat -fdeprecated-macro -ferror-limit 19 -femulated-tls -stack-protector 2 -fno-signed-char -fgnuc-version=4.2.1 -fskip-odr-check-in-gmf -fcxx-exceptions -fexceptions -target-feature +outline-atomics -D__GCC_HAVE_DWARF2_CFI_ASM=1 -o CMakeFiles/cmTC_4798f.dir/CMakeCXXCompilerABI.cpp.o -x c++ /home/boypa/Android/Sdk/cmake/3.22.1/share/cmake-3.22/Modules/CMakeCXXCompilerABI.cpp
clang -cc1 version 21.0.0 based upon LLVM 21.0.0 default target x86_64-unknown-linux-gnu
ignoring nonexistent directory "/home/boypa/Android/Sdk/ndk/29.0.14033849/toolchains/llvm/prebuilt/linux-x86_64/sysroot/usr/local/include"
ignoring nonexistent directory "/home/boypa/Android/Sdk/ndk/29.0.14033849/toolchains/llvm/prebuilt/linux-x86_64/sysroot/include"
#include "..." search starts here:
#include <...> search starts here:
 /home/boypa/Android/Sdk/ndk/29.0.14033849/toolchains/llvm/prebuilt/linux-x86_64/sysroot/usr/include/c++/v1
 /home/boypa/Android/Sdk/ndk/29.0.14033849/toolchains/llvm/prebuilt/linux-x86_64/lib/clang/21/include
 /home/boypa/Android/Sdk/ndk/29.0.14033849/toolchains/llvm/prebuilt/linux-x86_64/sysroot/usr/include/aarch64-linux-android
 /home/boypa/Android/Sdk/ndk/29.0.14033849/toolchains/llvm/prebuilt/linux-x86_64/sysroot/usr/include
End of search list.
[2/2] Linking CXX executable cmTC_4798f
Android (13989888, +pgo, +bolt, +lto, +mlgo, based on r563880c) clang version 21.0.0 (https://android.googlesource.com/toolchain/llvm-project 5e96669f06077099aa41290cdb4c5e6fa0f59349)
Target: aarch64-none-linux-android26
Thread model: posix
InstalledDir: /home/boypa/Android/Sdk/ndk/29.0.14033849/toolchains/llvm/prebuilt/linux-x86_64/bin
 "/home/boypa/Android/Sdk/ndk/29.0.14033849/toolchains/llvm/prebuilt/linux-x86_64/bin/ld.lld" --sysroot=/home/boypa/Android/Sdk/ndk/29.0.14033849/toolchains/llvm/prebuilt/linux-x86_64/sysroot -EL --fix-cortex-a53-843419 -z now -z relro -z max-page-size=16384 --no-rosegment --hash-style=gnu --eh-frame-hdr -m aarch64linux -pie -dynamic-linker /system/bin/linker64 -o cmTC_4798f /home/boypa/Android/Sdk/ndk/29.0.14033849/toolchains/llvm/prebuilt/linux-x86_64/sysroot/usr/lib/aarch64-linux-android/26/crtbegin_dynamic.o -L/home/boypa/Android/Sdk/ndk/29.0.14033849/toolchains/llvm/prebuilt/linux-x86_64/lib/clang/21/lib/linux/aarch64 -L/home/boypa/Android/Sdk/ndk/29.0.14033849/toolchains/llvm/prebuilt/linux-x86_64/sysroot/usr/lib/aarch64-linux-android/26 -L/home/boypa/Android/Sdk/ndk/29.0.14033849/toolchains/llvm/prebuilt/linux-x86_64/sysroot/usr/lib/aarch64-linux-android -L/home/boypa/Android/Sdk/ndk/29.0.14033849/toolchains/llvm/prebuilt/linux-x86_64/sysroot/usr/lib --build-id=sha1 --no-rosegment --no-undefined-version --fatal-warnings --no-undefined CMakeFiles/cmTC_4798f.dir/CMakeCXXCompilerABI.cpp.o -Bstatic -lc++ -Bdynamic -lm /home/boypa/Android/Sdk/ndk/29.0.14033849/toolchains/llvm/prebuilt/linux-x86_64/lib/clang/21/lib/linux/libclang_rt.builtins-aarch64-android.a -l:libunwind.a -ldl -lc /home/boypa/Android/Sdk/ndk/29.0.14033849/toolchains/llvm/prebuilt/linux-x86_64/lib/clang/21/lib/linux/libclang_rt.builtins-aarch64-android.a -l:libunwind.a -ldl /home/boypa/Android/Sdk/ndk/29.0.14033849/toolchains/llvm/prebuilt/linux-x86_64/sysroot/usr/lib/aarch64-linux-android/26/crtend_android.o



Parsed CXX implicit include dir info from above output: rv=done
  found start of include info
  found start of implicit include info
    add: [/home/boypa/Android/Sdk/ndk/29.0.14033849/toolchains/llvm/prebuilt/linux-x86_64/sysroot/usr/include/c++/v1]
    add: [/home/boypa/Android/Sdk/ndk/29.0.14033849/toolchains/llvm/prebuilt/linux-x86_64/lib/clang/21/include]
    add: [/home/boypa/Android/Sdk/ndk/29.0.14033849/toolchains/llvm/prebuilt/linux-x86_64/sysroot/usr/include/aarch64-linux-android]
    add: [/home/boypa/Android/Sdk/ndk/29.0.14033849/toolchains/llvm/prebuilt/linux-x86_64/sysroot/usr/include]
  end of search list found
  collapse include dir [/home/boypa/Android/Sdk/ndk/29.0.14033849/toolchains/llvm/prebuilt/linux-x86_64/sysroot/usr/include/c++/v1] ==> [/home/boypa/Android/Sdk/ndk/29.0.14033849/toolchains/llvm/prebuilt/linux-x86_64/sysroot/usr/include/c++/v1]
  collapse include dir [/home/boypa/Android/Sdk/ndk/29.0.14033849/toolchains/llvm/prebuilt/linux-x86_64/lib/clang/21/include] ==> [/home/boypa/Android/Sdk/ndk/29.0.14033849/toolchains/llvm/prebuilt/linux-x86_64/lib/clang/21/include]
  collapse include dir [/home/boypa/Android/Sdk/ndk/29.0.14033849/toolchains/llvm/prebuilt/linux-x86_64/sysroot/usr/include/aarch64-linux-android] ==> [/home/boypa/Android/Sdk/ndk/29.0.14033849/toolchains/llvm/prebuilt/linux-x86_64/sysroot/usr/include/aarch64-linux-android]
  collapse include dir [/home/boypa/Android/Sdk/ndk/29.0.14033849/toolchains/llvm/prebuilt/linux-x86_64/sysroot/usr/include] ==> [/home/boypa/Android/Sdk/ndk/29.0.14033849/toolchains/llvm/prebuilt/linux-x86_64/sysroot/usr/include]
  implicit include dirs: [/home/boypa/Android/Sdk/ndk/29.0.14033849/toolchains/llvm/prebuilt/linux-x86_64/sysroot/usr/include/c++/v1;/home/boypa/Android/Sdk/ndk/29.0.14033849/toolchains/llvm/prebuilt/linux-x86_64/lib/clang/21/include;/home/boypa/Android/Sdk/ndk/29.0.14033849/toolchains/llvm/prebuilt/linux-x86_64/sysroot/usr/include/aarch64-linux-android;/home/boypa/Android/Sdk/ndk/29.0.14033849/toolchains/llvm/prebuilt/linux-x86_64/sysroot/usr/include]


Parsed CXX implicit link information from above output:
  link line regex: [^( *|.*[/\])(ld\.lld|CMAKE_LINK_STARTFILE-NOTFOUND|([^/\]+-)?ld|collect2)[^/\]*( |$)]
  ignore line: [Change Dir: /home/boypa/projects/WristLingo/app/.cxx/Debug/y1f1f3d2/arm64-v8a/CMakeFiles/CMakeTmp]
  ignore line: []
  ignore line: [Run Build Command(s):/home/boypa/Android/Sdk/cmake/3.22.1/bin/ninja cmTC_4798f && [1/2] Building CXX object CMakeFiles/cmTC_4798f.dir/CMakeCXXCompilerABI.cpp.o]
  ignore line: [Android (13989888  +pgo  +bolt  +lto  +mlgo  based on r563880c) clang version 21.0.0 (https://android.googlesource.com/toolchain/llvm-project 5e96669f06077099aa41290cdb4c5e6fa0f59349)]
  ignore line: [Target: aarch64-none-linux-android26]
  ignore line: [Thread model: posix]
  ignore line: [InstalledDir: /home/boypa/Android/Sdk/ndk/29.0.14033849/toolchains/llvm/prebuilt/linux-x86_64/bin]
  ignore line: [ (in-process)]
  ignore line: [ "/home/boypa/Android/Sdk/ndk/29.0.14033849/toolchains/llvm/prebuilt/linux-x86_64/bin/clang++" -cc1 -triple aarch64-none-linux-android26 -emit-obj -disable-free -clear-ast-before-backend -disable-llvm-verifier -discard-value-names -main-file-name CMakeCXXCompilerABI.cpp -mrelocation-model pic -pic-level 2 -pic-is-pie -mframe-pointer=non-leaf -ffp-contract=on -fno-rounding-math -mconstructor-aliases -funwind-tables=2 -enable-tlsdesc -target-cpu generic -target-feature +v8a -target-feature +fp-armv8 -target-feature +neon -target-feature +fix-cortex-a53-835769 -target-abi aapcs -debug-info-kind=constructor -dwarf-version=4 -debugger-tuning=gdb -fdebug-compilation-dir=/home/boypa/projects/WristLingo/app/.cxx/Debug/y1f1f3d2/arm64-v8a/CMakeFiles/CMakeTmp -v -ffunction-sections -fdata-sections -fcoverage-compilation-dir=/home/boypa/projects/WristLingo/app/.cxx/Debug/y1f1f3d2/arm64-v8a/CMakeFiles/CMakeTmp -resource-dir /home/boypa/Android/Sdk/ndk/29.0.14033849/toolchains/llvm/prebuilt/linux-x86_64/lib/clang/21 -dependency-file CMakeFiles/cmTC_4798f.dir/CMakeCXXCompilerABI.cpp.o.d -MT CMakeFiles/cmTC_4798f.dir/CMakeCXXCompilerABI.cpp.o -sys-header-deps -D ANDROID -D _FORTIFY_SOURCE=2 -isysroot /home/boypa/Android/Sdk/ndk/29.0.14033849/toolchains/llvm/prebuilt/linux-x86_64/sysroot -internal-isystem /home/boypa/Android/Sdk/ndk/29.0.14033849/toolchains/llvm/prebuilt/linux-x86_64/sysroot/usr/include/c++/v1 -internal-isystem /home/boypa/Android/Sdk/ndk/29.0.14033849/toolchains/llvm/prebuilt/linux-x86_64/lib/clang/21/include -internal-isystem /home/boypa/Android/Sdk/ndk/29.0.14033849/toolchains/llvm/prebuilt/linux-x86_64/sysroot/usr/local/include -internal-externc-isystem /home/boypa/Android/Sdk/ndk/29.0.14033849/toolchains/llvm/prebuilt/linux-x86_64/sysroot/usr/include/aarch64-linux-android -internal-externc-isystem /home/boypa/Android/Sdk/ndk/29.0.14033849/toolchains/llvm/prebuilt/linux-x86_64/sysroot/include -internal-externc-isystem /home/boypa/Android/Sdk/ndk/29.0.14033849/toolchains/llvm/prebuilt/linux-x86_64/sysroot/usr/include -Wformat -fdeprecated-macro -ferror-limit 19 -femulated-tls -stack-protector 2 -fno-signed-char -fgnuc-version=4.2.1 -fskip-odr-check-in-gmf -fcxx-exceptions -fexceptions -target-feature +outline-atomics -D__GCC_HAVE_DWARF2_CFI_ASM=1 -o CMakeFiles/cmTC_4798f.dir/CMakeCXXCompilerABI.cpp.o -x c++ /home/boypa/Android/Sdk/cmake/3.22.1/share/cmake-3.22/Modules/CMakeCXXCompilerABI.cpp]
  ignore line: [clang -cc1 version 21.0.0 based upon LLVM 21.0.0 default target x86_64-unknown-linux-gnu]
  ignore line: [ignoring nonexistent directory "/home/boypa/Android/Sdk/ndk/29.0.14033849/toolchains/llvm/prebuilt/linux-x86_64/sysroot/usr/local/include"]
  ignore line: [ignoring nonexistent directory "/home/boypa/Android/Sdk/ndk/29.0.14033849/toolchains/llvm/prebuilt/linux-x86_64/sysroot/include"]
  ignore line: [#include "..." search starts here:]
  ignore line: [#include <...> search starts here:]
  ignore line: [ /home/boypa/Android/Sdk/ndk/29.0.14033849/toolchains/llvm/prebuilt/linux-x86_64/sysroot/usr/include/c++/v1]
  ignore line: [ /home/boypa/Android/Sdk/ndk/29.0.14033849/toolchains/llvm/prebuilt/linux-x86_64/lib/clang/21/include]
  ignore line: [ /home/boypa/Android/Sdk/ndk/29.0.14033849/toolchains/llvm/prebuilt/linux-x86_64/sysroot/usr/include/aarch64-linux-android]
  ignore line: [ /home/boypa/Android/Sdk/ndk/29.0.14033849/toolchains/llvm/prebuilt/linux-x86_64/sysroot/usr/include]
  ignore line: [End of search list.]
  ignore line: [[2/2] Linking CXX executable cmTC_4798f]
  ignore line: [Android (13989888  +pgo  +bolt  +lto  +mlgo  based on r563880c) clang version 21.0.0 (https://android.googlesource.com/toolchain/llvm-project 5e96669f06077099aa41290cdb4c5e6fa0f59349)]
  ignore line: [Target: aarch64-none-linux-android26]
  ignore line: [Thread model: posix]
  ignore line: [InstalledDir: /home/boypa/Android/Sdk/ndk/29.0.14033849/toolchains/llvm/prebuilt/linux-x86_64/bin]
  link line: [ "/home/boypa/Android/Sdk/ndk/29.0.14033849/toolchains/llvm/prebuilt/linux-x86_64/bin/ld.lld" --sysroot=/home/boypa/Android/Sdk/ndk/29.0.14033849/toolchains/llvm/prebuilt/linux-x86_64/sysroot -EL --fix-cortex-a53-843419 -z now -z relro -z max-page-size=16384 --no-rosegment --hash-style=gnu --eh-frame-hdr -m aarch64linux -pie -dynamic-linker /system/bin/linker64 -o cmTC_4798f /home/boypa/Android/Sdk/ndk/29.0.14033849/toolchains/llvm/prebuilt/linux-x86_64/sysroot/usr/lib/aarch64-linux-android/26/crtbegin_dynamic.o -L/home/boypa/Android/Sdk/ndk/29.0.14033849/toolchains/llvm/prebuilt/linux-x86_64/lib/clang/21/lib/linux/aarch64 -L/home/boypa/Android/Sdk/ndk/29.0.14033849/toolchains/llvm/prebuilt/linux-x86_64/sysroot/usr/lib/aarch64-linux-android/26 -L/home/boypa/Android/Sdk/ndk/29.0.14033849/toolchains/llvm/prebuilt/linux-x86_64/sysroot/usr/lib/aarch64-linux-android -L/home/boypa/Android/Sdk/ndk/29.0.14033849/toolchains/llvm/prebuilt/linux-x86_64/sysroot/usr/lib --build-id=sha1 --no-rosegment --no-undefined-version --fatal-warnings --no-undefined CMakeFiles/cmTC_4798f.dir/CMakeCXXCompilerABI.cpp.o -Bstatic -lc++ -Bdynamic -lm /home/boypa/Android/Sdk/ndk/29.0.14033849/toolchains/llvm/prebuilt/linux-x86_64/lib/clang/21/lib/linux/libclang_rt.builtins-aarch64-android.a -l:libunwind.a -ldl -lc /home/boypa/Android/Sdk/ndk/29.0.14033849/toolchains/llvm/prebuilt/linux-x86_64/lib/clang/21/lib/linux/libclang_rt.builtins-aarch64-android.a -l:libunwind.a -ldl /home/boypa/Android/Sdk/ndk/29.0.14033849/toolchains/llvm/prebuilt/linux-x86_64/sysroot/usr/lib/aarch64-linux-android/26/crtend_android.o]
    arg [/home/boypa/Android/Sdk/ndk/29.0.14033849/toolchains/llvm/prebuilt/linux-x86_64/bin/ld.lld] ==> ignore
    arg [--sysroot=/home/boypa/Android/Sdk/ndk/29.0.14033849/toolchains/llvm/prebuilt/linux-x86_64/sysroot] ==> ignore
    arg [-EL] ==> ignore
    arg [--fix-cortex-a53-843419] ==> ignore
    arg [-znow] ==> ignore
    arg [-zrelro] ==> ignore
    arg [-zmax-page-size=16384] ==> ignore
    arg [--no-rosegment] ==> ignore
    arg [--hash-style=gnu] ==> ignore
    arg [--eh-frame-hdr] ==> ignore
    arg [-m] ==> ignore
    arg [aarch64linux] ==> ignore
    arg [-pie] ==> ignore
    arg [-dynamic-linker] ==> ignore
    arg [/system/bin/linker64] ==> ignore
    arg [-o] ==> ignore
    arg [cmTC_4798f] ==> ignore
    arg [/home/boypa/Android/Sdk/ndk/29.0.14033849/toolchains/llvm/prebuilt/linux-x86_64/sysroot/usr/lib/aarch64-linux-android/26/crtbegin_dynamic.o] ==> obj [/home/boypa/Android/Sdk/ndk/29.0.14033849/toolchains/llvm/prebuilt/linux-x86_64/sysroot/usr/lib/aarch64-linux-android/26/crtbegin_dynamic.o]
    arg [-L/home/boypa/Android/Sdk/ndk/29.0.14033849/toolchains/llvm/prebuilt/linux-x86_64/lib/clang/21/lib/linux/aarch64] ==> dir [/home/boypa/Android/Sdk/ndk/29.0.14033849/toolchains/llvm/prebuilt/linux-x86_64/lib/clang/21/lib/linux/aarch64]
    arg [-L/home/boypa/Android/Sdk/ndk/29.0.14033849/toolchains/llvm/prebuilt/linux-x86_64/sysroot/usr/lib/aarch64-linux-android/26] ==> dir [/home/boypa/Android/Sdk/ndk/29.0.14033849/toolchains/llvm/prebuilt/linux-x86_64/sysroot/usr/lib/aarch64-linux-android/26]
    arg [-L/home/boypa/Android/Sdk/ndk/29.0.14033849/toolchains/llvm/prebuilt/linux-x86_64/sysroot/usr/lib/aarch64-linux-android] ==> dir [/home/boypa/Android/Sdk/ndk/29.0.14033849/toolchains/llvm/prebuilt/linux-x86_64/sysroot/usr/lib/aarch64-linux-android]
    arg [-L/home/boypa/Android/Sdk/ndk/29.0.14033849/toolchains/llvm/prebuilt/linux-x86_64/sysroot/usr/lib] ==> dir [/home/boypa/Android/Sdk/ndk/29.0.14033849/toolchains/llvm/prebuilt/linux-x86_64/sysroot/usr/lib]
    arg [--build-id=sha1] ==> ignore
    arg [--no-rosegment] ==> ignore
    arg [--no-undefined-version] ==> ignore
    arg [--fatal-warnings] ==> ignore
    arg [--no-undefined] ==> ignore
    arg [CMakeFiles/cmTC_4798f.dir/CMakeCXXCompilerABI.cpp.o] ==> ignore
    arg [-Bstatic] ==> search static
    arg [-lc++] ==> lib [c++]
    arg [-Bdynamic] ==> search dynamic
    arg [-lm] ==> lib [m]
    arg [/home/boypa/Android/Sdk/ndk/29.0.14033849/toolchains/llvm/prebuilt/linux-x86_64/lib/clang/21/lib/linux/libclang_rt.builtins-aarch64-android.a] ==> lib [/home/boypa/Android/Sdk/ndk/29.0.14033849/toolchains/llvm/prebuilt/linux-x86_64/lib/clang/21/lib/linux/libclang_rt.builtins-aarch64-android.a]
    arg [-l:libunwind.a] ==> lib [-l:libunwind.a]
    arg [-ldl] ==> lib [dl]
    arg [-lc] ==> lib [c]
    arg [/home/boypa/Android/Sdk/ndk/29.0.14033849/toolchains/llvm/prebuilt/linux-x86_64/lib/clang/21/lib/linux/libclang_rt.builtins-aarch64-android.a] ==> lib [/home/boypa/Android/Sdk/ndk/29.0.14033849/toolchains/llvm/prebuilt/linux-x86_64/lib/clang/21/lib/linux/libclang_rt.builtins-aarch64-android.a]
    arg [-l:libunwind.a] ==> lib [-l:libunwind.a]
    arg [-ldl] ==> lib [dl]
    arg [/home/boypa/Android/Sdk/ndk/29.0.14033849/toolchains/llvm/prebuilt/linux-x86_64/sysroot/usr/lib/aarch64-linux-android/26/crtend_android.o] ==> obj [/home/boypa/Android/Sdk/ndk/29.0.14033849/toolchains/llvm/prebuilt/linux-x86_64/sysroot/usr/lib/aarch64-linux-android/26/crtend_android.o]
  remove lib [/home/boypa/Android/Sdk/ndk/29.0.14033849/toolchains/llvm/prebuilt/linux-x86_64/lib/clang/21/lib/linux/libclang_rt.builtins-aarch64-android.a]
  remove lib [/home/boypa/Android/Sdk/ndk/29.0.14033849/toolchains/llvm/prebuilt/linux-x86_64/lib/clang/21/lib/linux/libclang_rt.builtins-aarch64-android.a]
  collapse library dir [/home/boypa/Android/Sdk/ndk/29.0.14033849/toolchains/llvm/prebuilt/linux-x86_64/lib/clang/21/lib/linux/aarch64] ==> [/home/boypa/Android/Sdk/ndk/29.0.14033849/toolchains/llvm/prebuilt/linux-x86_64/lib/clang/21/lib/linux/aarch64]
  collapse library dir [/home/boypa/Android/Sdk/ndk/29.0.14033849/toolchains/llvm/prebuilt/linux-x86_64/sysroot/usr/lib/aarch64-linux-android/26] ==> [/home/boypa/Android/Sdk/ndk/29.0.14033849/toolchains/llvm/prebuilt/linux-x86_64/sysroot/usr/lib/aarch64-linux-android/26]
  collapse library dir [/home/boypa/Android/Sdk/ndk/29.0.14033849/toolchains/llvm/prebuilt/linux-x86_64/sysroot/usr/lib/aarch64-linux-android] ==> [/home/boypa/Android/Sdk/ndk/29.0.14033849/toolchains/llvm/prebuilt/linux-x86_64/sysroot/usr/lib/aarch64-linux-android]
  collapse library dir [/home/boypa/Android/Sdk/ndk/29.0.14033849/toolchains/llvm/prebuilt/linux-x86_64/sysroot/usr/lib] ==> [/home/boypa/Android/Sdk/ndk/29.0.14033849/toolchains/llvm/prebuilt/linux-x86_64/sysroot/usr/lib]
  implicit libs: [c++;m;-l:libunwind.a;dl;c;-l:libunwind.a;dl]
  implicit objs: [/home/boypa/Android/Sdk/ndk/29.0.14033849/toolchains/llvm/prebuilt/linux-x86_64/sysroot/usr/lib/aarch64-linux-android/26/crtbegin_dynamic.o;/home/boypa/Android/Sdk/ndk/29.0.14033849/toolchains/llvm/prebuilt/linux-x86_64/sysroot/usr/lib/aarch64-linux-android/26/crtend_android.o]
  implicit dirs: [/home/boypa/Android/Sdk/ndk/29.0.14033849/toolchains/llvm/prebuilt/linux-x86_64/lib/clang/21/lib/linux/aarch64;/home/boypa/Android/Sdk/ndk/29.0.14033849/toolchains/llvm/prebuilt/linux-x86_64/sysroot/usr/lib/aarch64-linux-android/26;/home/boypa/Android/Sdk/ndk/29.0.14033849/toolchains/llvm/prebuilt/linux-x86_64/sysroot/usr/lib/aarch64-linux-android;/home/boypa/Android/Sdk/ndk/29.0.14033849/toolchains/llvm/prebuilt/linux-x86_64/sysroot/usr/lib]
  implicit fwks: []


Determining if the include file pthread.h exists passed with the following output:
Change Dir: /home/boypa/projects/WristLingo/app/.cxx/Debug/y1f1f3d2/arm64-v8a/CMakeFiles/CMakeTmp

Run Build Command(s):/home/boypa/Android/Sdk/cmake/3.22.1/bin/ninja cmTC_b22ce && [1/2] Building C object CMakeFiles/cmTC_b22ce.dir/CheckIncludeFile.c.o
[2/2] Linking C executable cmTC_b22ce



Detecting C OpenMP compiler ABI info compiled with the following output:
Change Dir: /home/boypa/projects/WristLingo/app/.cxx/Debug/y1f1f3d2/arm64-v8a/CMakeFiles/CMakeTmp

Run Build Command(s):/home/boypa/Android/Sdk/cmake/3.22.1/bin/ninja cmTC_1e57e && [1/2] Building C object CMakeFiles/cmTC_1e57e.dir/OpenMPTryFlag.c.o
Android (13989888, +pgo, +bolt, +lto, +mlgo, based on r563880c) clang version 21.0.0 (https://android.googlesource.com/toolchain/llvm-project 5e96669f06077099aa41290cdb4c5e6fa0f59349)
Target: aarch64-none-linux-android26
Thread model: posix
InstalledDir: /home/boypa/Android/Sdk/ndk/29.0.14033849/toolchains/llvm/prebuilt/linux-x86_64/bin
 (in-process)
 "/home/boypa/Android/Sdk/ndk/29.0.14033849/toolchains/llvm/prebuilt/linux-x86_64/bin/clang" -cc1 -triple aarch64-none-linux-android26 -emit-obj -disable-free -clear-ast-before-backend -disable-llvm-verifier -discard-value-names -main-file-name OpenMPTryFlag.c -mrelocation-model pic -pic-level 2 -pic-is-pie -mframe-pointer=non-leaf -ffp-contract=on -fno-rounding-math -mconstructor-aliases -funwind-tables=2 -enable-tlsdesc -target-cpu generic -target-feature +v8a -target-feature +fp-armv8 -target-feature +neon -target-feature +fix-cortex-a53-835769 -target-abi aapcs -debug-info-kind=constructor -dwarf-version=4 -debugger-tuning=gdb -fdebug-compilation-dir=/home/boypa/projects/WristLingo/app/.cxx/Debug/y1f1f3d2/arm64-v8a/CMakeFiles/CMakeTmp -v -ffunction-sections -fdata-sections -fcoverage-compilation-dir=/home/boypa/projects/WristLingo/app/.cxx/Debug/y1f1f3d2/arm64-v8a/CMakeFiles/CMakeTmp -resource-dir /home/boypa/Android/Sdk/ndk/29.0.14033849/toolchains/llvm/prebuilt/linux-x86_64/lib/clang/21 -dependency-file CMakeFiles/cmTC_1e57e.dir/OpenMPTryFlag.c.o.d -MT CMakeFiles/cmTC_1e57e.dir/OpenMPTryFlag.c.o -sys-header-deps -D ANDROID -D _FORTIFY_SOURCE=2 -isysroot /home/boypa/Android/Sdk/ndk/29.0.14033849/toolchains/llvm/prebuilt/linux-x86_64/sysroot -internal-isystem /home/boypa/Android/Sdk/ndk/29.0.14033849/toolchains/llvm/prebuilt/linux-x86_64/lib/clang/21/include -internal-isystem /home/boypa/Android/Sdk/ndk/29.0.14033849/toolchains/llvm/prebuilt/linux-x86_64/sysroot/usr/local/include -internal-externc-isystem /home/boypa/Android/Sdk/ndk/29.0.14033849/toolchains/llvm/prebuilt/linux-x86_64/sysroot/usr/include/aarch64-linux-android -internal-externc-isystem /home/boypa/Android/Sdk/ndk/29.0.14033849/toolchains/llvm/prebuilt/linux-x86_64/sysroot/include -internal-externc-isystem /home/boypa/Android/Sdk/ndk/29.0.14033849/toolchains/llvm/prebuilt/linux-x86_64/sysroot/usr/include -Wformat -Werror=format-security -std=gnu11 -ferror-limit 19 -femulated-tls -fopenmp -stack-protector 2 -fno-signed-char -fgnuc-version=4.2.1 -fskip-odr-check-in-gmf -target-feature +outline-atomics -D__GCC_HAVE_DWARF2_CFI_ASM=1 -o CMakeFiles/cmTC_1e57e.dir/OpenMPTryFlag.c.o -x c /home/boypa/projects/WristLingo/app/.cxx/Debug/y1f1f3d2/arm64-v8a/CMakeFiles/FindOpenMP/OpenMPTryFlag.c
clang -cc1 version 21.0.0 based upon LLVM 21.0.0 default target x86_64-unknown-linux-gnu
ignoring nonexistent directory "/home/boypa/Android/Sdk/ndk/29.0.14033849/toolchains/llvm/prebuilt/linux-x86_64/sysroot/usr/local/include"
ignoring nonexistent directory "/home/boypa/Android/Sdk/ndk/29.0.14033849/toolchains/llvm/prebuilt/linux-x86_64/sysroot/include"
#include "..." search starts here:
#include <...> search starts here:
 /home/boypa/Android/Sdk/ndk/29.0.14033849/toolchains/llvm/prebuilt/linux-x86_64/lib/clang/21/include
 /home/boypa/Android/Sdk/ndk/29.0.14033849/toolchains/llvm/prebuilt/linux-x86_64/sysroot/usr/include/aarch64-linux-android
 /home/boypa/Android/Sdk/ndk/29.0.14033849/toolchains/llvm/prebuilt/linux-x86_64/sysroot/usr/include
End of search list.
[2/2] Linking C executable cmTC_1e57e
Android (13989888, +pgo, +bolt, +lto, +mlgo, based on r563880c) clang version 21.0.0 (https://android.googlesource.com/toolchain/llvm-project 5e96669f06077099aa41290cdb4c5e6fa0f59349)
Target: aarch64-none-linux-android26
Thread model: posix
InstalledDir: /home/boypa/Android/Sdk/ndk/29.0.14033849/toolchains/llvm/prebuilt/linux-x86_64/bin
 "/home/boypa/Android/Sdk/ndk/29.0.14033849/toolchains/llvm/prebuilt/linux-x86_64/bin/ld.lld" --sysroot=/home/boypa/Android/Sdk/ndk/29.0.14033849/toolchains/llvm/prebuilt/linux-x86_64/sysroot -EL --fix-cortex-a53-843419 -z now -z relro -z max-page-size=16384 --no-rosegment --hash-style=gnu --eh-frame-hdr -m aarch64linux -pie -dynamic-linker /system/bin/linker64 -o cmTC_1e57e /home/boypa/Android/Sdk/ndk/29.0.14033849/toolchains/llvm/prebuilt/linux-x86_64/sysroot/usr/lib/aarch64-linux-android/26/crtbegin_dynamic.o -L/home/boypa/Android/Sdk/ndk/29.0.14033849/toolchains/llvm/prebuilt/linux-x86_64/lib/clang/21/lib/linux/aarch64 -L/home/boypa/Android/Sdk/ndk/29.0.14033849/toolchains/llvm/prebuilt/linux-x86_64/sysroot/usr/lib/aarch64-linux-android/26 -L/home/boypa/Android/Sdk/ndk/29.0.14033849/toolchains/llvm/prebuilt/linux-x86_64/sysroot/usr/lib/aarch64-linux-android -L/home/boypa/Android/Sdk/ndk/29.0.14033849/toolchains/llvm/prebuilt/linux-x86_64/sysroot/usr/lib --build-id=sha1 --no-rosegment --no-undefined-version --fatal-warnings --no-undefined CMakeFiles/cmTC_1e57e.dir/OpenMPTryFlag.c.o -latomic -lm -lomp -L/home/boypa/Android/Sdk/ndk/29.0.14033849/toolchains/llvm/prebuilt/linux-x86_64/lib /home/boypa/Android/Sdk/ndk/29.0.14033849/toolchains/llvm/prebuilt/linux-x86_64/lib/clang/21/lib/linux/libclang_rt.builtins-aarch64-android.a -l:libunwind.a -ldl -lc /home/boypa/Android/Sdk/ndk/29.0.14033849/toolchains/llvm/prebuilt/linux-x86_64/lib/clang/21/lib/linux/libclang_rt.builtins-aarch64-android.a -l:libunwind.a -ldl /home/boypa/Android/Sdk/ndk/29.0.14033849/toolchains/llvm/prebuilt/linux-x86_64/sysroot/usr/lib/aarch64-linux-android/26/crtend_android.o



Parsed C OpenMP implicit link information from above output:
  link line regex: [^( *|.*[/\])(ld\.lld|CMAKE_LINK_STARTFILE-NOTFOUND|([^/\]+-)?ld|collect2)[^/\]*( |$)]
  ignore line: [Change Dir: /home/boypa/projects/WristLingo/app/.cxx/Debug/y1f1f3d2/arm64-v8a/CMakeFiles/CMakeTmp]
  ignore line: []
  ignore line: [Run Build Command(s):/home/boypa/Android/Sdk/cmake/3.22.1/bin/ninja cmTC_1e57e && [1/2] Building C object CMakeFiles/cmTC_1e57e.dir/OpenMPTryFlag.c.o]
  ignore line: [Android (13989888  +pgo  +bolt  +lto  +mlgo  based on r563880c) clang version 21.0.0 (https://android.googlesource.com/toolchain/llvm-project 5e96669f06077099aa41290cdb4c5e6fa0f59349)]
  ignore line: [Target: aarch64-none-linux-android26]
  ignore line: [Thread model: posix]
  ignore line: [InstalledDir: /home/boypa/Android/Sdk/ndk/29.0.14033849/toolchains/llvm/prebuilt/linux-x86_64/bin]
  ignore line: [ (in-process)]
  ignore line: [ "/home/boypa/Android/Sdk/ndk/29.0.14033849/toolchains/llvm/prebuilt/linux-x86_64/bin/clang" -cc1 -triple aarch64-none-linux-android26 -emit-obj -disable-free -clear-ast-before-backend -disable-llvm-verifier -discard-value-names -main-file-name OpenMPTryFlag.c -mrelocation-model pic -pic-level 2 -pic-is-pie -mframe-pointer=non-leaf -ffp-contract=on -fno-rounding-math -mconstructor-aliases -funwind-tables=2 -enable-tlsdesc -target-cpu generic -target-feature +v8a -target-feature +fp-armv8 -target-feature +neon -target-feature +fix-cortex-a53-835769 -target-abi aapcs -debug-info-kind=constructor -dwarf-version=4 -debugger-tuning=gdb -fdebug-compilation-dir=/home/boypa/projects/WristLingo/app/.cxx/Debug/y1f1f3d2/arm64-v8a/CMakeFiles/CMakeTmp -v -ffunction-sections -fdata-sections -fcoverage-compilation-dir=/home/boypa/projects/WristLingo/app/.cxx/Debug/y1f1f3d2/arm64-v8a/CMakeFiles/CMakeTmp -resource-dir /home/boypa/Android/Sdk/ndk/29.0.14033849/toolchains/llvm/prebuilt/linux-x86_64/lib/clang/21 -dependency-file CMakeFiles/cmTC_1e57e.dir/OpenMPTryFlag.c.o.d -MT CMakeFiles/cmTC_1e57e.dir/OpenMPTryFlag.c.o -sys-header-deps -D ANDROID -D _FORTIFY_SOURCE=2 -isysroot /home/boypa/Android/Sdk/ndk/29.0.14033849/toolchains/llvm/prebuilt/linux-x86_64/sysroot -internal-isystem /home/boypa/Android/Sdk/ndk/29.0.14033849/toolchains/llvm/prebuilt/linux-x86_64/lib/clang/21/include -internal-isystem /home/boypa/Android/Sdk/ndk/29.0.14033849/toolchains/llvm/prebuilt/linux-x86_64/sysroot/usr/local/include -internal-externc-isystem /home/boypa/Android/Sdk/ndk/29.0.14033849/toolchains/llvm/prebuilt/linux-x86_64/sysroot/usr/include/aarch64-linux-android -internal-externc-isystem /home/boypa/Android/Sdk/ndk/29.0.14033849/toolchains/llvm/prebuilt/linux-x86_64/sysroot/include -internal-externc-isystem /home/boypa/Android/Sdk/ndk/29.0.14033849/toolchains/llvm/prebuilt/linux-x86_64/sysroot/usr/include -Wformat -Werror=format-security -std=gnu11 -ferror-limit 19 -femulated-tls -fopenmp -stack-protector 2 -fno-signed-char -fgnuc-version=4.2.1 -fskip-odr-check-in-gmf -target-feature +outline-atomics -D__GCC_HAVE_DWARF2_CFI_ASM=1 -o CMakeFiles/cmTC_1e57e.dir/OpenMPTryFlag.c.o -x c /home/boypa/projects/WristLingo/app/.cxx/Debug/y1f1f3d2/arm64-v8a/CMakeFiles/FindOpenMP/OpenMPTryFlag.c]
  ignore line: [clang -cc1 version 21.0.0 based upon LLVM 21.0.0 default target x86_64-unknown-linux-gnu]
  ignore line: [ignoring nonexistent directory "/home/boypa/Android/Sdk/ndk/29.0.14033849/toolchains/llvm/prebuilt/linux-x86_64/sysroot/usr/local/include"]
  ignore line: [ignoring nonexistent directory "/home/boypa/Android/Sdk/ndk/29.0.14033849/toolchains/llvm/prebuilt/linux-x86_64/sysroot/include"]
  ignore line: [#include "..." search starts here:]
  ignore line: [#include <...> search starts here:]
  ignore line: [ /home/boypa/Android/Sdk/ndk/29.0.14033849/toolchains/llvm/prebuilt/linux-x86_64/lib/clang/21/include]
  ignore line: [ /home/boypa/Android/Sdk/ndk/29.0.14033849/toolchains/llvm/prebuilt/linux-x86_64/sysroot/usr/include/aarch64-linux-android]
  ignore line: [ /home/boypa/Android/Sdk/ndk/29.0.14033849/toolchains/llvm/prebuilt/linux-x86_64/sysroot/usr/include]
  ignore line: [End of search list.]
  ignore line: [[2/2] Linking C executable cmTC_1e57e]
  ignore line: [Android (13989888  +pgo  +bolt  +lto  +mlgo  based on r563880c) clang version 21.0.0 (https://android.googlesource.com/toolchain/llvm-project 5e96669f06077099aa41290cdb4c5e6fa0f59349)]
  ignore line: [Target: aarch64-none-linux-android26]
  ignore line: [Thread model: posix]
  ignore line: [InstalledDir: /home/boypa/Android/Sdk/ndk/29.0.14033849/toolchains/llvm/prebuilt/linux-x86_64/bin]
  link line: [ "/home/boypa/Android/Sdk/ndk/29.0.14033849/toolchains/llvm/prebuilt/linux-x86_64/bin/ld.lld" --sysroot=/home/boypa/Android/Sdk/ndk/29.0.14033849/toolchains/llvm/prebuilt/linux-x86_64/sysroot -EL --fix-cortex-a53-843419 -z now -z relro -z max-page-size=16384 --no-rosegment --hash-style=gnu --eh-frame-hdr -m aarch64linux -pie -dynamic-linker /system/bin/linker64 -o cmTC_1e57e /home/boypa/Android/Sdk/ndk/29.0.14033849/toolchains/llvm/prebuilt/linux-x86_64/sysroot/usr/lib/aarch64-linux-android/26/crtbegin_dynamic.o -L/home/boypa/Android/Sdk/ndk/29.0.14033849/toolchains/llvm/prebuilt/linux-x86_64/lib/clang/21/lib/linux/aarch64 -L/home/boypa/Android/Sdk/ndk/29.0.14033849/toolchains/llvm/prebuilt/linux-x86_64/sysroot/usr/lib/aarch64-linux-android/26 -L/home/boypa/Android/Sdk/ndk/29.0.14033849/toolchains/llvm/prebuilt/linux-x86_64/sysroot/usr/lib/aarch64-linux-android -L/home/boypa/Android/Sdk/ndk/29.0.14033849/toolchains/llvm/prebuilt/linux-x86_64/sysroot/usr/lib --build-id=sha1 --no-rosegment --no-undefined-version --fatal-warnings --no-undefined CMakeFiles/cmTC_1e57e.dir/OpenMPTryFlag.c.o -latomic -lm -lomp -L/home/boypa/Android/Sdk/ndk/29.0.14033849/toolchains/llvm/prebuilt/linux-x86_64/lib /home/boypa/Android/Sdk/ndk/29.0.14033849/toolchains/llvm/prebuilt/linux-x86_64/lib/clang/21/lib/linux/libclang_rt.builtins-aarch64-android.a -l:libunwind.a -ldl -lc /home/boypa/Android/Sdk/ndk/29.0.14033849/toolchains/llvm/prebuilt/linux-x86_64/lib/clang/21/lib/linux/libclang_rt.builtins-aarch64-android.a -l:libunwind.a -ldl /home/boypa/Android/Sdk/ndk/29.0.14033849/toolchains/llvm/prebuilt/linux-x86_64/sysroot/usr/lib/aarch64-linux-android/26/crtend_android.o]
    arg [/home/boypa/Android/Sdk/ndk/29.0.14033849/toolchains/llvm/prebuilt/linux-x86_64/bin/ld.lld] ==> ignore
    arg [--sysroot=/home/boypa/Android/Sdk/ndk/29.0.14033849/toolchains/llvm/prebuilt/linux-x86_64/sysroot] ==> ignore
    arg [-EL] ==> ignore
    arg [--fix-cortex-a53-843419] ==> ignore
    arg [-znow] ==> ignore
    arg [-zrelro] ==> ignore
    arg [-zmax-page-size=16384] ==> ignore
    arg [--no-rosegment] ==> ignore
    arg [--hash-style=gnu] ==> ignore
    arg [--eh-frame-hdr] ==> ignore
    arg [-m] ==> ignore
    arg [aarch64linux] ==> ignore
    arg [-pie] ==> ignore
    arg [-dynamic-linker] ==> ignore
    arg [/system/bin/linker64] ==> ignore
    arg [-o] ==> ignore
    arg [cmTC_1e57e] ==> ignore
    arg [-L/home/boypa/Android/Sdk/ndk/29.0.14033849/toolchains/llvm/prebuilt/linux-x86_64/lib/clang/21/lib/linux/aarch64] ==> dir [/home/boypa/Android/Sdk/ndk/29.0.14033849/toolchains/llvm/prebuilt/linux-x86_64/lib/clang/21/lib/linux/aarch64]
    arg [-L/home/boypa/Android/Sdk/ndk/29.0.14033849/toolchains/llvm/prebuilt/linux-x86_64/sysroot/usr/lib/aarch64-linux-android/26] ==> dir [/home/boypa/Android/Sdk/ndk/29.0.14033849/toolchains/llvm/prebuilt/linux-x86_64/sysroot/usr/lib/aarch64-linux-android/26]
    arg [-L/home/boypa/Android/Sdk/ndk/29.0.14033849/toolchains/llvm/prebuilt/linux-x86_64/sysroot/usr/lib/aarch64-linux-android] ==> dir [/home/boypa/Android/Sdk/ndk/29.0.14033849/toolchains/llvm/prebuilt/linux-x86_64/sysroot/usr/lib/aarch64-linux-android]
    arg [-L/home/boypa/Android/Sdk/ndk/29.0.14033849/toolchains/llvm/prebuilt/linux-x86_64/sysroot/usr/lib] ==> dir [/home/boypa/Android/Sdk/ndk/29.0.14033849/toolchains/llvm/prebuilt/linux-x86_64/sysroot/usr/lib]
    arg [--build-id=sha1] ==> ignore
    arg [--no-rosegment] ==> ignore
    arg [--no-undefined-version] ==> ignore
    arg [--fatal-warnings] ==> ignore
    arg [--no-undefined] ==> ignore
    arg [CMakeFiles/cmTC_1e57e.dir/OpenMPTryFlag.c.o] ==> ignore
    arg [-latomic] ==> lib [atomic]
    arg [-lm] ==> lib [m]
    arg [-lomp] ==> lib [omp]
    arg [-L/home/boypa/Android/Sdk/ndk/29.0.14033849/toolchains/llvm/prebuilt/linux-x86_64/lib] ==> dir [/home/boypa/Android/Sdk/ndk/29.0.14033849/toolchains/llvm/prebuilt/linux-x86_64/lib]
    arg [/home/boypa/Android/Sdk/ndk/29.0.14033849/toolchains/llvm/prebuilt/linux-x86_64/lib/clang/21/lib/linux/libclang_rt.builtins-aarch64-android.a] ==> lib [/home/boypa/Android/Sdk/ndk/29.0.14033849/toolchains/llvm/prebuilt/linux-x86_64/lib/clang/21/lib/linux/libclang_rt.builtins-aarch64-android.a]
    arg [-l:libunwind.a] ==> lib [-l:libunwind.a]
    arg [-ldl] ==> lib [dl]
    arg [-lc] ==> lib [c]
    arg [/home/boypa/Android/Sdk/ndk/29.0.14033849/toolchains/llvm/prebuilt/linux-x86_64/lib/clang/21/lib/linux/libclang_rt.builtins-aarch64-android.a] ==> lib [/home/boypa/Android/Sdk/ndk/29.0.14033849/toolchains/llvm/prebuilt/linux-x86_64/lib/clang/21/lib/linux/libclang_rt.builtins-aarch64-android.a]
    arg [-l:libunwind.a] ==> lib [-l:libunwind.a]
    arg [-ldl] ==> lib [dl]
  remove lib [/home/boypa/Android/Sdk/ndk/29.0.14033849/toolchains/llvm/prebuilt/linux-x86_64/lib/clang/21/lib/linux/libclang_rt.builtins-aarch64-android.a]
  remove lib [/home/boypa/Android/Sdk/ndk/29.0.14033849/toolchains/llvm/prebuilt/linux-x86_64/lib/clang/21/lib/linux/libclang_rt.builtins-aarch64-android.a]
  collapse library dir [/home/boypa/Android/Sdk/ndk/29.0.14033849/toolchains/llvm/prebuilt/linux-x86_64/lib/clang/21/lib/linux/aarch64] ==> [/home/boypa/Android/Sdk/ndk/29.0.14033849/toolchains/llvm/prebuilt/linux-x86_64/lib/clang/21/lib/linux/aarch64]
  collapse library dir [/home/boypa/Android/Sdk/ndk/29.0.14033849/toolchains/llvm/prebuilt/linux-x86_64/sysroot/usr/lib/aarch64-linux-android/26] ==> [/home/boypa/Android/Sdk/ndk/29.0.14033849/toolchains/llvm/prebuilt/linux-x86_64/sysroot/usr/lib/aarch64-linux-android/26]
  collapse library dir [/home/boypa/Android/Sdk/ndk/29.0.14033849/toolchains/llvm/prebuilt/linux-x86_64/sysroot/usr/lib/aarch64-linux-android] ==> [/home/boypa/Android/Sdk/ndk/29.0.14033849/toolchains/llvm/prebuilt/linux-x86_64/sysroot/usr/lib/aarch64-linux-android]
  collapse library dir [/home/boypa/Android/Sdk/ndk/29.0.14033849/toolchains/llvm/prebuilt/linux-x86_64/sysroot/usr/lib] ==> [/home/boypa/Android/Sdk/ndk/29.0.14033849/toolchains/llvm/prebuilt/linux-x86_64/sysroot/usr/lib]
  collapse library dir [/home/boypa/Android/Sdk/ndk/29.0.14033849/toolchains/llvm/prebuilt/linux-x86_64/lib] ==> [/home/boypa/Android/Sdk/ndk/29.0.14033849/toolchains/llvm/prebuilt/linux-x86_64/lib]
  implicit libs: [atomic;m;omp;-l:libunwind.a;dl;c;-l:libunwind.a;dl]
  implicit objs: []
  implicit dirs: [/home/boypa/Android/Sdk/ndk/29.0.14033849/toolchains/llvm/prebuilt/linux-x86_64/lib/clang/21/lib/linux/aarch64;/home/boypa/Android/Sdk/ndk/29.0.14033849/toolchains/llvm/prebuilt/linux-x86_64/sysroot/usr/lib/aarch64-linux-android/26;/home/boypa/Android/Sdk/ndk/29.0.14033849/toolchains/llvm/prebuilt/linux-x86_64/sysroot/usr/lib/aarch64-linux-android;/home/boypa/Android/Sdk/ndk/29.0.14033849/toolchains/llvm/prebuilt/linux-x86_64/sysroot/usr/lib;/home/boypa/Android/Sdk/ndk/29.0.14033849/toolchains/llvm/prebuilt/linux-x86_64/lib]
  implicit fwks: []


Detecting CXX OpenMP compiler ABI info compiled with the following output:
Change Dir: /home/boypa/projects/WristLingo/app/.cxx/Debug/y1f1f3d2/arm64-v8a/CMakeFiles/CMakeTmp

Run Build Command(s):/home/boypa/Android/Sdk/cmake/3.22.1/bin/ninja cmTC_34d03 && [1/2] Building CXX object CMakeFiles/cmTC_34d03.dir/OpenMPTryFlag.cpp.o
Android (13989888, +pgo, +bolt, +lto, +mlgo, based on r563880c) clang version 21.0.0 (https://android.googlesource.com/toolchain/llvm-project 5e96669f06077099aa41290cdb4c5e6fa0f59349)
Target: aarch64-none-linux-android26
Thread model: posix
InstalledDir: /home/boypa/Android/Sdk/ndk/29.0.14033849/toolchains/llvm/prebuilt/linux-x86_64/bin
 (in-process)
 "/home/boypa/Android/Sdk/ndk/29.0.14033849/toolchains/llvm/prebuilt/linux-x86_64/bin/clang++" -cc1 -triple aarch64-none-linux-android26 -emit-obj -disable-free -clear-ast-before-backend -disable-llvm-verifier -discard-value-names -main-file-name OpenMPTryFlag.cpp -mrelocation-model pic -pic-level 2 -pic-is-pie -mframe-pointer=non-leaf -ffp-contract=on -fno-rounding-math -mconstructor-aliases -funwind-tables=2 -enable-tlsdesc -target-cpu generic -target-feature +v8a -target-feature +fp-armv8 -target-feature +neon -target-feature +fix-cortex-a53-835769 -target-abi aapcs -debug-info-kind=constructor -dwarf-version=4 -debugger-tuning=gdb -fdebug-compilation-dir=/home/boypa/projects/WristLingo/app/.cxx/Debug/y1f1f3d2/arm64-v8a/CMakeFiles/CMakeTmp -v -ffunction-sections -fdata-sections -fcoverage-compilation-dir=/home/boypa/projects/WristLingo/app/.cxx/Debug/y1f1f3d2/arm64-v8a/CMakeFiles/CMakeTmp -resource-dir /home/boypa/Android/Sdk/ndk/29.0.14033849/toolchains/llvm/prebuilt/linux-x86_64/lib/clang/21 -dependency-file CMakeFiles/cmTC_34d03.dir/OpenMPTryFlag.cpp.o.d -MT CMakeFiles/cmTC_34d03.dir/OpenMPTryFlag.cpp.o -sys-header-deps -D ANDROID -D _FORTIFY_SOURCE=2 -isysroot /home/boypa/Android/Sdk/ndk/29.0.14033849/toolchains/llvm/prebuilt/linux-x86_64/sysroot -internal-isystem /home/boypa/Android/Sdk/ndk/29.0.14033849/toolchains/llvm/prebuilt/linux-x86_64/sysroot/usr/include/c++/v1 -internal-isystem /home/boypa/Android/Sdk/ndk/29.0.14033849/toolchains/llvm/prebuilt/linux-x86_64/lib/clang/21/include -internal-isystem /home/boypa/Android/Sdk/ndk/29.0.14033849/toolchains/llvm/prebuilt/linux-x86_64/sysroot/usr/local/include -internal-externc-isystem /home/boypa/Android/Sdk/ndk/29.0.14033849/toolchains/llvm/prebuilt/linux-x86_64/sysroot/usr/include/aarch64-linux-android -internal-externc-isystem /home/boypa/Android/Sdk/ndk/29.0.14033849/toolchains/llvm/prebuilt/linux-x86_64/sysroot/include -internal-externc-isystem /home/boypa/Android/Sdk/ndk/29.0.14033849/toolchains/llvm/prebuilt/linux-x86_64/sysroot/usr/include -Wformat -Werror=format-security -std=gnu++17 -fdeprecated-macro -ferror-limit 19 -femulated-tls -fopenmp -stack-protector 2 -fno-signed-char -fgnuc-version=4.2.1 -fskip-odr-check-in-gmf -fcxx-exceptions -fexceptions -target-feature +outline-atomics -D__GCC_HAVE_DWARF2_CFI_ASM=1 -o CMakeFiles/cmTC_34d03.dir/OpenMPTryFlag.cpp.o -x c++ /home/boypa/projects/WristLingo/app/.cxx/Debug/y1f1f3d2/arm64-v8a/CMakeFiles/FindOpenMP/OpenMPTryFlag.cpp
clang -cc1 version 21.0.0 based upon LLVM 21.0.0 default target x86_64-unknown-linux-gnu
ignoring nonexistent directory "/home/boypa/Android/Sdk/ndk/29.0.14033849/toolchains/llvm/prebuilt/linux-x86_64/sysroot/usr/local/include"
ignoring nonexistent directory "/home/boypa/Android/Sdk/ndk/29.0.14033849/toolchains/llvm/prebuilt/linux-x86_64/sysroot/include"
#include "..." search starts here:
#include <...> search starts here:
 /home/boypa/Android/Sdk/ndk/29.0.14033849/toolchains/llvm/prebuilt/linux-x86_64/sysroot/usr/include/c++/v1
 /home/boypa/Android/Sdk/ndk/29.0.14033849/toolchains/llvm/prebuilt/linux-x86_64/lib/clang/21/include
 /home/boypa/Android/Sdk/ndk/29.0.14033849/toolchains/llvm/prebuilt/linux-x86_64/sysroot/usr/include/aarch64-linux-android
 /home/boypa/Android/Sdk/ndk/29.0.14033849/toolchains/llvm/prebuilt/linux-x86_64/sysroot/usr/include
End of search list.
[2/2] Linking CXX executable cmTC_34d03
Android (13989888, +pgo, +bolt, +lto, +mlgo, based on r563880c) clang version 21.0.0 (https://android.googlesource.com/toolchain/llvm-project 5e96669f06077099aa41290cdb4c5e6fa0f59349)
Target: aarch64-none-linux-android26
Thread model: posix
InstalledDir: /home/boypa/Android/Sdk/ndk/29.0.14033849/toolchains/llvm/prebuilt/linux-x86_64/bin
 "/home/boypa/Android/Sdk/ndk/29.0.14033849/toolchains/llvm/prebuilt/linux-x86_64/bin/ld.lld" --sysroot=/home/boypa/Android/Sdk/ndk/29.0.14033849/toolchains/llvm/prebuilt/linux-x86_64/sysroot -EL --fix-cortex-a53-843419 -z now -z relro -z max-page-size=16384 --no-rosegment --hash-style=gnu --eh-frame-hdr -m aarch64linux -pie -dynamic-linker /system/bin/linker64 -o cmTC_34d03 /home/boypa/Android/Sdk/ndk/29.0.14033849/toolchains/llvm/prebuilt/linux-x86_64/sysroot/usr/lib/aarch64-linux-android/26/crtbegin_dynamic.o -L/home/boypa/Android/Sdk/ndk/29.0.14033849/toolchains/llvm/prebuilt/linux-x86_64/lib/clang/21/lib/linux/aarch64 -L/home/boypa/Android/Sdk/ndk/29.0.14033849/toolchains/llvm/prebuilt/linux-x86_64/sysroot/usr/lib/aarch64-linux-android/26 -L/home/boypa/Android/Sdk/ndk/29.0.14033849/toolchains/llvm/prebuilt/linux-x86_64/sysroot/usr/lib/aarch64-linux-android -L/home/boypa/Android/Sdk/ndk/29.0.14033849/toolchains/llvm/prebuilt/linux-x86_64/sysroot/usr/lib --build-id=sha1 --no-rosegment --no-undefined-version --fatal-warnings --no-undefined CMakeFiles/cmTC_34d03.dir/OpenMPTryFlag.cpp.o -latomic -lm -Bstatic -lc++ -Bdynamic -lm -lomp -L/home/boypa/Android/Sdk/ndk/29.0.14033849/toolchains/llvm/prebuilt/linux-x86_64/lib /home/boypa/Android/Sdk/ndk/29.0.14033849/toolchains/llvm/prebuilt/linux-x86_64/lib/clang/21/lib/linux/libclang_rt.builtins-aarch64-android.a -l:libunwind.a -ldl -lc /home/boypa/Android/Sdk/ndk/29.0.14033849/toolchains/llvm/prebuilt/linux-x86_64/lib/clang/21/lib/linux/libclang_rt.builtins-aarch64-android.a -l:libunwind.a -ldl /home/boypa/Android/Sdk/ndk/29.0.14033849/toolchains/llvm/prebuilt/linux-x86_64/sysroot/usr/lib/aarch64-linux-android/26/crtend_android.o



Parsed CXX OpenMP implicit link information from above output:
  link line regex: [^( *|.*[/\])(ld\.lld|CMAKE_LINK_STARTFILE-NOTFOUND|([^/\]+-)?ld|collect2)[^/\]*( |$)]
  ignore line: [Change Dir: /home/boypa/projects/WristLingo/app/.cxx/Debug/y1f1f3d2/arm64-v8a/CMakeFiles/CMakeTmp]
  ignore line: []
  ignore line: [Run Build Command(s):/home/boypa/Android/Sdk/cmake/3.22.1/bin/ninja cmTC_34d03 && [1/2] Building CXX object CMakeFiles/cmTC_34d03.dir/OpenMPTryFlag.cpp.o]
  ignore line: [Android (13989888  +pgo  +bolt  +lto  +mlgo  based on r563880c) clang version 21.0.0 (https://android.googlesource.com/toolchain/llvm-project 5e96669f06077099aa41290cdb4c5e6fa0f59349)]
  ignore line: [Target: aarch64-none-linux-android26]
  ignore line: [Thread model: posix]
  ignore line: [InstalledDir: /home/boypa/Android/Sdk/ndk/29.0.14033849/toolchains/llvm/prebuilt/linux-x86_64/bin]
  ignore line: [ (in-process)]
  ignore line: [ "/home/boypa/Android/Sdk/ndk/29.0.14033849/toolchains/llvm/prebuilt/linux-x86_64/bin/clang++" -cc1 -triple aarch64-none-linux-android26 -emit-obj -disable-free -clear-ast-before-backend -disable-llvm-verifier -discard-value-names -main-file-name OpenMPTryFlag.cpp -mrelocation-model pic -pic-level 2 -pic-is-pie -mframe-pointer=non-leaf -ffp-contract=on -fno-rounding-math -mconstructor-aliases -funwind-tables=2 -enable-tlsdesc -target-cpu generic -target-feature +v8a -target-feature +fp-armv8 -target-feature +neon -target-feature +fix-cortex-a53-835769 -target-abi aapcs -debug-info-kind=constructor -dwarf-version=4 -debugger-tuning=gdb -fdebug-compilation-dir=/home/boypa/projects/WristLingo/app/.cxx/Debug/y1f1f3d2/arm64-v8a/CMakeFiles/CMakeTmp -v -ffunction-sections -fdata-sections -fcoverage-compilation-dir=/home/boypa/projects/WristLingo/app/.cxx/Debug/y1f1f3d2/arm64-v8a/CMakeFiles/CMakeTmp -resource-dir /home/boypa/Android/Sdk/ndk/29.0.14033849/toolchains/llvm/prebuilt/linux-x86_64/lib/clang/21 -dependency-file CMakeFiles/cmTC_34d03.dir/OpenMPTryFlag.cpp.o.d -MT CMakeFiles/cmTC_34d03.dir/OpenMPTryFlag.cpp.o -sys-header-deps -D ANDROID -D _FORTIFY_SOURCE=2 -isysroot /home/boypa/Android/Sdk/ndk/29.0.14033849/toolchains/llvm/prebuilt/linux-x86_64/sysroot -internal-isystem /home/boypa/Android/Sdk/ndk/29.0.14033849/toolchains/llvm/prebuilt/linux-x86_64/sysroot/usr/include/c++/v1 -internal-isystem /home/boypa/Android/Sdk/ndk/29.0.14033849/toolchains/llvm/prebuilt/linux-x86_64/lib/clang/21/include -internal-isystem /home/boypa/Android/Sdk/ndk/29.0.14033849/toolchains/llvm/prebuilt/linux-x86_64/sysroot/usr/local/include -internal-externc-isystem /home/boypa/Android/Sdk/ndk/29.0.14033849/toolchains/llvm/prebuilt/linux-x86_64/sysroot/usr/include/aarch64-linux-android -internal-externc-isystem /home/boypa/Android/Sdk/ndk/29.0.14033849/toolchains/llvm/prebuilt/linux-x86_64/sysroot/include -internal-externc-isystem /home/boypa/Android/Sdk/ndk/29.0.14033849/toolchains/llvm/prebuilt/linux-x86_64/sysroot/usr/include -Wformat -Werror=format-security -std=gnu++17 -fdeprecated-macro -ferror-limit 19 -femulated-tls -fopenmp -stack-protector 2 -fno-signed-char -fgnuc-version=4.2.1 -fskip-odr-check-in-gmf -fcxx-exceptions -fexceptions -target-feature +outline-atomics -D__GCC_HAVE_DWARF2_CFI_ASM=1 -o CMakeFiles/cmTC_34d03.dir/OpenMPTryFlag.cpp.o -x c++ /home/boypa/projects/WristLingo/app/.cxx/Debug/y1f1f3d2/arm64-v8a/CMakeFiles/FindOpenMP/OpenMPTryFlag.cpp]
  ignore line: [clang -cc1 version 21.0.0 based upon LLVM 21.0.0 default target x86_64-unknown-linux-gnu]
  ignore line: [ignoring nonexistent directory "/home/boypa/Android/Sdk/ndk/29.0.14033849/toolchains/llvm/prebuilt/linux-x86_64/sysroot/usr/local/include"]
  ignore line: [ignoring nonexistent directory "/home/boypa/Android/Sdk/ndk/29.0.14033849/toolchains/llvm/prebuilt/linux-x86_64/sysroot/include"]
  ignore line: [#include "..." search starts here:]
  ignore line: [#include <...> search starts here:]
  ignore line: [ /home/boypa/Android/Sdk/ndk/29.0.14033849/toolchains/llvm/prebuilt/linux-x86_64/sysroot/usr/include/c++/v1]
  ignore line: [ /home/boypa/Android/Sdk/ndk/29.0.14033849/toolchains/llvm/prebuilt/linux-x86_64/lib/clang/21/include]
  ignore line: [ /home/boypa/Android/Sdk/ndk/29.0.14033849/toolchains/llvm/prebuilt/linux-x86_64/sysroot/usr/include/aarch64-linux-android]
  ignore line: [ /home/boypa/Android/Sdk/ndk/29.0.14033849/toolchains/llvm/prebuilt/linux-x86_64/sysroot/usr/include]
  ignore line: [End of search list.]
  ignore line: [[2/2] Linking CXX executable cmTC_34d03]
  ignore line: [Android (13989888  +pgo  +bolt  +lto  +mlgo  based on r563880c) clang version 21.0.0 (https://android.googlesource.com/toolchain/llvm-project 5e96669f06077099aa41290cdb4c5e6fa0f59349)]
  ignore line: [Target: aarch64-none-linux-android26]
  ignore line: [Thread model: posix]
  ignore line: [InstalledDir: /home/boypa/Android/Sdk/ndk/29.0.14033849/toolchains/llvm/prebuilt/linux-x86_64/bin]
  link line: [ "/home/boypa/Android/Sdk/ndk/29.0.14033849/toolchains/llvm/prebuilt/linux-x86_64/bin/ld.lld" --sysroot=/home/boypa/Android/Sdk/ndk/29.0.14033849/toolchains/llvm/prebuilt/linux-x86_64/sysroot -EL --fix-cortex-a53-843419 -z now -z relro -z max-page-size=16384 --no-rosegment --hash-style=gnu --eh-frame-hdr -m aarch64linux -pie -dynamic-linker /system/bin/linker64 -o cmTC_34d03 /home/boypa/Android/Sdk/ndk/29.0.14033849/toolchains/llvm/prebuilt/linux-x86_64/sysroot/usr/lib/aarch64-linux-android/26/crtbegin_dynamic.o -L/home/boypa/Android/Sdk/ndk/29.0.14033849/toolchains/llvm/prebuilt/linux-x86_64/lib/clang/21/lib/linux/aarch64 -L/home/boypa/Android/Sdk/ndk/29.0.14033849/toolchains/llvm/prebuilt/linux-x86_64/sysroot/usr/lib/aarch64-linux-android/26 -L/home/boypa/Android/Sdk/ndk/29.0.14033849/toolchains/llvm/prebuilt/linux-x86_64/sysroot/usr/lib/aarch64-linux-android -L/home/boypa/Android/Sdk/ndk/29.0.14033849/toolchains/llvm/prebuilt/linux-x86_64/sysroot/usr/lib --build-id=sha1 --no-rosegment --no-undefined-version --fatal-warnings --no-undefined CMakeFiles/cmTC_34d03.dir/OpenMPTryFlag.cpp.o -latomic -lm -Bstatic -lc++ -Bdynamic -lm -lomp -L/home/boypa/Android/Sdk/ndk/29.0.14033849/toolchains/llvm/prebuilt/linux-x86_64/lib /home/boypa/Android/Sdk/ndk/29.0.14033849/toolchains/llvm/prebuilt/linux-x86_64/lib/clang/21/lib/linux/libclang_rt.builtins-aarch64-android.a -l:libunwind.a -ldl -lc /home/boypa/Android/Sdk/ndk/29.0.14033849/toolchains/llvm/prebuilt/linux-x86_64/lib/clang/21/lib/linux/libclang_rt.builtins-aarch64-android.a -l:libunwind.a -ldl /home/boypa/Android/Sdk/ndk/29.0.14033849/toolchains/llvm/prebuilt/linux-x86_64/sysroot/usr/lib/aarch64-linux-android/26/crtend_android.o]
    arg [/home/boypa/Android/Sdk/ndk/29.0.14033849/toolchains/llvm/prebuilt/linux-x86_64/bin/ld.lld] ==> ignore
    arg [--sysroot=/home/boypa/Android/Sdk/ndk/29.0.14033849/toolchains/llvm/prebuilt/linux-x86_64/sysroot] ==> ignore
    arg [-EL] ==> ignore
    arg [--fix-cortex-a53-843419] ==> ignore
    arg [-znow] ==> ignore
    arg [-zrelro] ==> ignore
    arg [-zmax-page-size=16384] ==> ignore
    arg [--no-rosegment] ==> ignore
    arg [--hash-style=gnu] ==> ignore
    arg [--eh-frame-hdr] ==> ignore
    arg [-m] ==> ignore
    arg [aarch64linux] ==> ignore
    arg [-pie] ==> ignore
    arg [-dynamic-linker] ==> ignore
    arg [/system/bin/linker64] ==> ignore
    arg [-o] ==> ignore
    arg [cmTC_34d03] ==> ignore
    arg [-L/home/boypa/Android/Sdk/ndk/29.0.14033849/toolchains/llvm/prebuilt/linux-x86_64/lib/clang/21/lib/linux/aarch64] ==> dir [/home/boypa/Android/Sdk/ndk/29.0.14033849/toolchains/llvm/prebuilt/linux-x86_64/lib/clang/21/lib/linux/aarch64]
    arg [-L/home/boypa/Android/Sdk/ndk/29.0.14033849/toolchains/llvm/prebuilt/linux-x86_64/sysroot/usr/lib/aarch64-linux-android/26] ==> dir [/home/boypa/Android/Sdk/ndk/29.0.14033849/toolchains/llvm/prebuilt/linux-x86_64/sysroot/usr/lib/aarch64-linux-android/26]
    arg [-L/home/boypa/Android/Sdk/ndk/29.0.14033849/toolchains/llvm/prebuilt/linux-x86_64/sysroot/usr/lib/aarch64-linux-android] ==> dir [/home/boypa/Android/Sdk/ndk/29.0.14033849/toolchains/llvm/prebuilt/linux-x86_64/sysroot/usr/lib/aarch64-linux-android]
    arg [-L/home/boypa/Android/Sdk/ndk/29.0.14033849/toolchains/llvm/prebuilt/linux-x86_64/sysroot/usr/lib] ==> dir [/home/boypa/Android/Sdk/ndk/29.0.14033849/toolchains/llvm/prebuilt/linux-x86_64/sysroot/usr/lib]
    arg [--build-id=sha1] ==> ignore
    arg [--no-rosegment] ==> ignore
    arg [--no-undefined-version] ==> ignore
    arg [--fatal-warnings] ==> ignore
    arg [--no-undefined] ==> ignore
    arg [CMakeFiles/cmTC_34d03.dir/OpenMPTryFlag.cpp.o] ==> ignore
    arg [-latomic] ==> lib [atomic]
    arg [-lm] ==> lib [m]
    arg [-Bstatic] ==> search static
    arg [-lc++] ==> lib [c++]
    arg [-Bdynamic] ==> search dynamic
    arg [-lm] ==> lib [m]
    arg [-lomp] ==> lib [omp]
    arg [-L/home/boypa/Android/Sdk/ndk/29.0.14033849/toolchains/llvm/prebuilt/linux-x86_64/lib] ==> dir [/home/boypa/Android/Sdk/ndk/29.0.14033849/toolchains/llvm/prebuilt/linux-x86_64/lib]
    arg [/home/boypa/Android/Sdk/ndk/29.0.14033849/toolchains/llvm/prebuilt/linux-x86_64/lib/clang/21/lib/linux/libclang_rt.builtins-aarch64-android.a] ==> lib [/home/boypa/Android/Sdk/ndk/29.0.14033849/toolchains/llvm/prebuilt/linux-x86_64/lib/clang/21/lib/linux/libclang_rt.builtins-aarch64-android.a]
    arg [-l:libunwind.a] ==> lib [-l:libunwind.a]
    arg [-ldl] ==> lib [dl]
    arg [-lc] ==> lib [c]
    arg [/home/boypa/Android/Sdk/ndk/29.0.14033849/toolchains/llvm/prebuilt/linux-x86_64/lib/clang/21/lib/linux/libclang_rt.builtins-aarch64-android.a] ==> lib [/home/boypa/Android/Sdk/ndk/29.0.14033849/toolchains/llvm/prebuilt/linux-x86_64/lib/clang/21/lib/linux/libclang_rt.builtins-aarch64-android.a]
    arg [-l:libunwind.a] ==> lib [-l:libunwind.a]
    arg [-ldl] ==> lib [dl]
  remove lib [/home/boypa/Android/Sdk/ndk/29.0.14033849/toolchains/llvm/prebuilt/linux-x86_64/lib/clang/21/lib/linux/libclang_rt.builtins-aarch64-android.a]
  remove lib [/home/boypa/Android/Sdk/ndk/29.0.14033849/toolchains/llvm/prebuilt/linux-x86_64/lib/clang/21/lib/linux/libclang_rt.builtins-aarch64-android.a]
  collapse library dir [/home/boypa/Android/Sdk/ndk/29.0.14033849/toolchains/llvm/prebuilt/linux-x86_64/lib/clang/21/lib/linux/aarch64] ==> [/home/boypa/Android/Sdk/ndk/29.0.14033849/toolchains/llvm/prebuilt/linux-x86_64/lib/clang/21/lib/linux/aarch64]
  collapse library dir [/home/boypa/Android/Sdk/ndk/29.0.14033849/toolchains/llvm/prebuilt/linux-x86_64/sysroot/usr/lib/aarch64-linux-android/26] ==> [/home/boypa/Android/Sdk/ndk/29.0.14033849/toolchains/llvm/prebuilt/linux-x86_64/sysroot/usr/lib/aarch64-linux-android/26]
  collapse library dir [/home/boypa/Android/Sdk/ndk/29.0.14033849/toolchains/llvm/prebuilt/linux-x86_64/sysroot/usr/lib/aarch64-linux-android] ==> [/home/boypa/Android/Sdk/ndk/29.0.14033849/toolchains/llvm/prebuilt/linux-x86_64/sysroot/usr/lib/aarch64-linux-android]
  collapse library dir [/home/boypa/Android/Sdk/ndk/29.0.14033849/toolchains/llvm/prebuilt/linux-x86_64/sysroot/usr/lib] ==> [/home/boypa/Android/Sdk/ndk/29.0.14033849/toolchains/llvm/prebuilt/linux-x86_64/sysroot/usr/lib]
  collapse library dir [/home/boypa/Android/Sdk/ndk/29.0.14033849/toolchains/llvm/prebuilt/linux-x86_64/lib] ==> [/home/boypa/Android/Sdk/ndk/29.0.14033849/toolchains/llvm/prebuilt/linux-x86_64/lib]
  implicit libs: [atomic;m;c++;m;omp;-l:libunwind.a;dl;c;-l:libunwind.a;dl]
  implicit objs: []
  implicit dirs: [/home/boypa/Android/Sdk/ndk/29.0.14033849/toolchains/llvm/prebuilt/linux-x86_64/lib/clang/21/lib/linux/aarch64;/home/boypa/Android/Sdk/ndk/29.0.14033849/toolchains/llvm/prebuilt/linux-x86_64/sysroot/usr/lib/aarch64-linux-android/26;/home/boypa/Android/Sdk/ndk/29.0.14033849/toolchains/llvm/prebuilt/linux-x86_64/sysroot/usr/lib/aarch64-linux-android;/home/boypa/Android/Sdk/ndk/29.0.14033849/toolchains/llvm/prebuilt/linux-x86_64/sysroot/usr/lib;/home/boypa/Android/Sdk/ndk/29.0.14033849/toolchains/llvm/prebuilt/linux-x86_64/lib]
  implicit fwks: []


